[13:42:56.819] serial: starting dual reader for /dev/cu.usbserial-0001 at 115200 baud
[13:42:56.819] line: 0 bytes ascii=''
[13:42:56.820] line: 0 bytes ascii=''
[13:42:56.820] line: 38 bytes ascii='======================================'
[13:42:56.820] text: ignored bring-up line: '======================================'
[13:42:56.820] line: 25 bytes ascii='APDS-9930 proximity: 1023'
[13:42:56.820] apds: serial-monitor proximity=1023
[13:42:56.820] line: 17 bytes ascii='Hand present: YES'
[13:42:56.820] apds: hand_present=True
[13:42:56.820] line: 0 bytes ascii=''
[13:42:56.820] line: 0 bytes ascii=''
[13:42:56.820] line: 38 bytes ascii='======================================'
[13:42:56.820] text: ignored bring-up line: '======================================'
[13:42:56.820] line: 25 bytes ascii='APDS-9930 proximity: 1023'
[13:42:56.820] apds: serial-monitor proximity=1023
[13:42:56.820] line: 17 bytes ascii='Hand present: YES'
[13:42:56.820] apds: hand_present=True
[13:42:56.821] line: 0 bytes ascii=''
[13:42:56.827] line: 0 bytes ascii=''
[13:42:56.827] line: 38 bytes ascii='======================================'
[13:42:56.827] text: ignored bring-up line: '======================================'
[13:42:56.827] line: 25 bytes ascii='APDS-9930 proximity: 1023'
[13:42:56.827] apds: serial-monitor proximity=1023
[13:42:56.827] line: 17 bytes ascii='Hand present: YES'
[13:42:56.827] apds: hand_present=True
[13:42:56.828] line: 0 bytes ascii=''
[13:42:56.828] line: 0 bytes ascii=''
[13:42:56.887] line: 38 bytes ascii='======================================'
[13:42:56.921] text: ignored bring-up line: '======================================'
[13:42:56.929] line: 25 bytes ascii='APDS-9930 proximity: 1023'
[13:42:56.929] apds: serial-monitor proximity=1023
[13:42:56.929] line: 17 bytes ascii='Hand present: YES'
[13:42:56.929] apds: hand_present=True
[13:42:56.992] line: 0 bytes ascii=''
[13:42:56.992] line: 0 bytes ascii=''
[13:42:56.995] line: 38 bytes ascii='======================================'
[13:42:56.995] text: ignored bring-up line: '======================================'
[13:42:56.998] line: 25 bytes ascii='APDS-9930 proximity: 1023'
[13:42:56.998] apds: serial-monitor proximity=1023
[13:42:56.998] line: 17 bytes ascii='Hand present: YES'
[13:42:56.998] apds: hand_present=True
[13:42:57.242] line: 0 bytes ascii=''
[13:42:57.242] line: 0 bytes ascii=''
[13:42:57.245] line: 38 bytes ascii='======================================'
[13:42:57.245] text: ignored bring-up line: '======================================'
[13:42:57.248] line: 25 bytes ascii='APDS-9930 proximity: 1023'
[13:42:57.248] apds: serial-monitor proximity=1023
[13:42:57.248] line: 17 bytes ascii='Hand present: YES'
[13:42:57.248] apds: hand_present=True
[13:42:57.492] line: 0 bytes ascii=''
[13:42:57.493] line: 0 bytes ascii=''
[13:42:57.495] line: 38 bytes ascii='======================================'
[13:42:57.495] text: ignored bring-up line: '======================================'
[13:42:57.497] line: 25 bytes ascii='APDS-9930 proximity: 1023'
[13:42:57.497] apds: serial-monitor proximity=1023
[13:42:57.497] line: 17 bytes ascii='Hand present: YES'
[13:42:57.497] apds: hand_present=True
[13:42:57.742] line: 0 bytes ascii=''
[13:42:57.742] line: 0 bytes ascii=''
[13:42:57.745] line: 38 bytes ascii='======================================'
[13:42:57.745] text: ignored bring-up line: '======================================'
[13:42:57.747] line: 25 bytes ascii='APDS-9930 proximity: 1023'
[13:42:57.748] apds: serial-monitor proximity=1023
[13:42:57.748] line: 17 bytes ascii='Hand present: YES'
[13:42:57.748] apds: hand_present=True
[13:42:57.992] line: 0 bytes ascii=''
[13:42:57.992] line: 0 bytes ascii=''
[13:42:57.995] line: 38 bytes ascii='======================================'
[13:42:57.995] text: ignored bring-up line: '======================================'
[13:42:57.998] line: 25 bytes ascii='APDS-9930 proximity: 1023'
[13:42:57.998] apds: serial-monitor proximity=1023
[13:42:57.998] line: 17 bytes ascii='Hand present: YES'
[13:42:57.998] apds: hand_present=True
[13:42:58.242] line: 0 bytes ascii=''
[13:42:58.242] line: 0 bytes ascii=''
[13:42:58.245] line: 38 bytes ascii='======================================'
[13:42:58.245] text: ignored bring-up line: '======================================'
[13:42:58.247] line: 25 bytes ascii='APDS-9930 proximity: 1023'
[13:42:58.247] apds: serial-monitor proximity=1023
[13:42:58.247] line: 17 bytes ascii='Hand present: YES'
[13:42:58.247] apds: hand_present=True
[13:42:58.492] line: 0 bytes ascii=''
[13:42:58.492] line: 0 bytes ascii=''
[13:42:58.495] line: 38 bytes ascii='======================================'
[13:42:58.495] text: ignored bring-up line: '======================================'
[13:42:58.497] line: 25 bytes ascii='APDS-9930 proximity: 1023'
[13:42:58.497] apds: serial-monitor proximity=1023
[13:42:58.497] line: 17 bytes ascii='Hand present: YES'
[13:42:58.497] apds: hand_present=True
[13:42:58.743] line: 0 bytes ascii=''
[13:42:58.743] line: 0 bytes ascii=''
[13:42:58.745] line: 38 bytes ascii='======================================'
[13:42:58.745] text: ignored bring-up line: '======================================'
[13:42:58.747] line: 25 bytes ascii='APDS-9930 proximity: 1023'
[13:42:58.747] apds: serial-monitor proximity=1023
[13:42:58.747] line: 17 bytes ascii='Hand present: YES'
[13:42:58.747] apds: hand_present=True
[13:42:58.993] line: 0 bytes ascii=''
[13:42:58.993] line: 0 bytes ascii=''
[13:42:58.995] line: 38 bytes ascii='======================================'
[13:42:58.995] text: ignored bring-up line: '======================================'
[13:42:58.997] line: 25 bytes ascii='APDS-9930 proximity: 1023'
[13:42:58.997] apds: serial-monitor proximity=1023
[13:42:58.997] line: 17 bytes ascii='Hand present: YES'
[13:42:58.997] apds: hand_present=True
[13:42:59.242] line: 0 bytes ascii=''
[13:42:59.242] line: 0 bytes ascii=''
[13:42:59.245] line: 38 bytes ascii='======================================'
[13:42:59.245] text: ignored bring-up line: '======================================'
[13:42:59.248] line: 25 bytes ascii='APDS-9930 proximity: 1023'
[13:42:59.248] apds: serial-monitor proximity=1023
[13:42:59.248] line: 17 bytes ascii='Hand present: YES'
[13:42:59.248] apds: hand_present=True
[13:42:59.492] line: 0 bytes ascii=''
[13:42:59.493] line: 0 bytes ascii=''
[13:42:59.495] line: 38 bytes ascii='======================================'
[13:42:59.495] text: ignored bring-up line: '======================================'
[13:42:59.497] line: 25 bytes ascii='APDS-9930 proximity: 1023'
[13:42:59.497] apds: serial-monitor proximity=1023
[13:42:59.497] line: 17 bytes ascii='Hand present: YES'
[13:42:59.497] apds: hand_present=True
[13:42:59.742] line: 0 bytes ascii=''
[13:42:59.742] line: 0 bytes ascii=''
[13:42:59.745] line: 38 bytes ascii='======================================'
[13:42:59.745] text: ignored bring-up line: '======================================'
[13:42:59.747] line: 25 bytes ascii='APDS-9930 proximity: 1023'
[13:42:59.747] apds: serial-monitor proximity=1023
[13:42:59.747] line: 17 bytes ascii='Hand present: YES'
[13:42:59.747] apds: hand_present=True
[13:42:59.992] line: 0 bytes ascii=''
[13:42:59.993] line: 0 bytes ascii=''
[13:42:59.995] line: 38 bytes ascii='======================================'
[13:42:59.995] text: ignored bring-up line: '======================================'
[13:42:59.997] line: 25 bytes ascii='APDS-9930 proximity: 1023'
[13:42:59.997] apds: serial-monitor proximity=1023
[13:42:59.997] line: 17 bytes ascii='Hand present: YES'
[13:42:59.997] apds: hand_present=True
[13:43:00.242] line: 0 bytes ascii=''
[13:43:00.243] line: 0 bytes ascii=''
[13:43:00.245] line: 38 bytes ascii='======================================'
[13:43:00.245] text: ignored bring-up line: '======================================'
[13:43:00.247] line: 25 bytes ascii='APDS-9930 proximity: 1023'
[13:43:00.247] apds: serial-monitor proximity=1023
[13:43:00.247] line: 17 bytes ascii='Hand present: YES'
[13:43:00.247] apds: hand_present=True
[13:43:00.493] line: 0 bytes ascii=''
[13:43:00.493] line: 0 bytes ascii=''
[13:43:00.495] line: 38 bytes ascii='======================================'
[13:43:00.495] text: ignored bring-up line: '======================================'
[13:43:00.498] line: 25 bytes ascii='APDS-9930 proximity: 1023'
[13:43:00.498] apds: serial-monitor proximity=1023
[13:43:00.498] line: 17 bytes ascii='Hand present: YES'
[13:43:00.498] apds: hand_present=True
[13:43:00.742] line: 0 bytes ascii=''
[13:43:00.742] line: 0 bytes ascii=''
[13:43:00.745] line: 38 bytes ascii='======================================'
[13:43:00.745] text: ignored bring-up line: '======================================'
[13:43:00.748] line: 25 bytes ascii='APDS-9930 proximity: 1023'
[13:43:00.748] apds: serial-monitor proximity=1023
[13:43:00.748] line: 17 bytes ascii='Hand present: YES'
[13:43:00.748] apds: hand_present=True
[13:43:00.992] line: 0 bytes ascii=''
[13:43:00.992] line: 0 bytes ascii=''
[13:43:00.995] line: 38 bytes ascii='======================================'
[13:43:00.995] text: ignored bring-up line: '======================================'
[13:43:00.997] line: 25 bytes ascii='APDS-9930 proximity: 1023'
[13:43:00.997] apds: serial-monitor proximity=1023
[13:43:00.998] line: 17 bytes ascii='Hand present: YES'
[13:43:00.998] apds: hand_present=True
[13:43:01.242] line: 0 bytes ascii=''
[13:43:01.242] line: 0 bytes ascii=''
[13:43:01.245] line: 38 bytes ascii='======================================'
[13:43:01.245] text: ignored bring-up line: '======================================'
[13:43:01.247] line: 25 bytes ascii='APDS-9930 proximity: 1023'
[13:43:01.247] apds: serial-monitor proximity=1023
[13:43:01.247] line: 17 bytes ascii='Hand present: YES'
[13:43:01.248] apds: hand_present=True
[13:43:01.492] line: 0 bytes ascii=''
[13:43:01.492] line: 0 bytes ascii=''
[13:43:01.495] line: 38 bytes ascii='======================================'
[13:43:01.495] text: ignored bring-up line: '======================================'
[13:43:01.497] line: 25 bytes ascii='APDS-9930 proximity: 1023'
[13:43:01.497] apds: serial-monitor proximity=1023
[13:43:01.497] line: 17 bytes ascii='Hand present: YES'
[13:43:01.497] apds: hand_present=True
[13:43:01.742] line: 0 bytes ascii=''
[13:43:01.742] line: 0 bytes ascii=''
[13:43:01.745] line: 38 bytes ascii='======================================'
[13:43:01.745] text: ignored bring-up line: '======================================'
[13:43:01.747] line: 25 bytes ascii='APDS-9930 proximity: 1023'
[13:43:01.747] apds: serial-monitor proximity=1023
[13:43:01.747] line: 17 bytes ascii='Hand present: YES'
[13:43:01.747] apds: hand_present=True
[13:43:01.992] line: 0 bytes ascii=''
[13:43:01.992] line: 0 bytes ascii=''
[13:43:01.995] line: 38 bytes ascii='======================================'
[13:43:01.995] text: ignored bring-up line: '======================================'
[13:43:01.999] line: 25 bytes ascii='APDS-9930 proximity: 1023'
[13:43:01.999] apds: serial-monitor proximity=1023
[13:43:01.999] line: 17 bytes ascii='Hand present: YES'
[13:43:01.999] apds: hand_present=True
[13:43:02.242] line: 0 bytes ascii=''
[13:43:02.243] line: 0 bytes ascii=''
[13:43:02.246] line: 38 bytes ascii='======================================'
[13:43:02.246] text: ignored bring-up line: '======================================'
[13:43:02.247] line: 25 bytes ascii='APDS-9930 proximity: 1023'
[13:43:02.247] apds: serial-monitor proximity=1023
[13:43:02.247] line: 17 bytes ascii='Hand present: YES'
[13:43:02.247] apds: hand_present=True
[13:43:02.492] line: 0 bytes ascii=''
[13:43:02.492] line: 0 bytes ascii=''
[13:43:02.495] line: 38 bytes ascii='======================================'
[13:43:02.495] text: ignored bring-up line: '======================================'
[13:43:02.497] line: 25 bytes ascii='APDS-9930 proximity: 1023'
[13:43:02.497] apds: serial-monitor proximity=1023
[13:43:02.497] line: 17 bytes ascii='Hand present: YES'
[13:43:02.497] apds: hand_present=True
[13:43:02.742] line: 0 bytes ascii=''
[13:43:02.742] line: 0 bytes ascii=''
[13:43:02.745] line: 38 bytes ascii='======================================'
[13:43:02.745] text: ignored bring-up line: '======================================'
[13:43:02.747] line: 25 bytes ascii='APDS-9930 proximity: 1023'
[13:43:02.747] apds: serial-monitor proximity=1023
[13:43:02.747] line: 17 bytes ascii='Hand present: YES'
[13:43:02.747] apds: hand_present=True
[13:43:02.992] line: 0 bytes ascii=''
[13:43:02.992] line: 0 bytes ascii=''
[13:43:02.995] line: 38 bytes ascii='======================================'
[13:43:02.995] text: ignored bring-up line: '======================================'
[13:43:02.997] line: 25 bytes ascii='APDS-9930 proximity: 1023'
[13:43:02.997] apds: serial-monitor proximity=1023
[13:43:02.997] line: 17 bytes ascii='Hand present: YES'
[13:43:02.997] apds: hand_present=True
[13:43:03.242] line: 0 bytes ascii=''
[13:43:03.242] line: 0 bytes ascii=''
[13:43:03.245] line: 38 bytes ascii='======================================'
[13:43:03.245] text: ignored bring-up line: '======================================'
[13:43:03.247] line: 25 bytes ascii='APDS-9930 proximity: 1023'
[13:43:03.247] apds: serial-monitor proximity=1023
[13:43:03.247] line: 17 bytes ascii='Hand present: YES'
[13:43:03.247] apds: hand_present=True
[13:43:03.493] line: 0 bytes ascii=''
[13:43:03.493] line: 0 bytes ascii=''
[13:43:03.495] line: 38 bytes ascii='======================================'
[13:43:03.495] text: ignored bring-up line: '======================================'
[13:43:03.498] line: 25 bytes ascii='APDS-9930 proximity: 1023'
[13:43:03.498] apds: serial-monitor proximity=1023
[13:43:03.498] line: 17 bytes ascii='Hand present: YES'
[13:43:03.498] apds: hand_present=True
[13:43:03.742] line: 0 bytes ascii=''
[13:43:03.742] line: 0 bytes ascii=''
[13:43:03.745] line: 38 bytes ascii='======================================'
[13:43:03.745] text: ignored bring-up line: '======================================'
[13:43:03.747] line: 25 bytes ascii='APDS-9930 proximity: 1023'
[13:43:03.747] apds: serial-monitor proximity=1023
[13:43:03.747] line: 17 bytes ascii='Hand present: YES'
[13:43:03.747] apds: hand_present=True
[13:43:03.994] line: 0 bytes ascii=''
[13:43:03.994] line: 0 bytes ascii=''
[13:43:03.995] line: 38 bytes ascii='======================================'
[13:43:03.995] text: ignored bring-up line: '======================================'
[13:43:03.997] line: 25 bytes ascii='APDS-9930 proximity: 1023'
[13:43:03.997] apds: serial-monitor proximity=1023
[13:43:03.997] line: 17 bytes ascii='Hand present: YES'
[13:43:03.998] apds: hand_present=True
[13:43:04.242] line: 0 bytes ascii=''
[13:43:04.242] line: 0 bytes ascii=''
[13:43:04.245] line: 38 bytes ascii='======================================'
[13:43:04.245] text: ignored bring-up line: '======================================'
[13:43:04.248] line: 25 bytes ascii='APDS-9930 proximity: 1023'
[13:43:04.248] apds: serial-monitor proximity=1023
[13:43:04.248] line: 17 bytes ascii='Hand present: YES'
[13:43:04.248] apds: hand_present=True
[13:43:04.492] line: 0 bytes ascii=''
[13:43:04.492] line: 0 bytes ascii=''
[13:43:04.495] line: 38 bytes ascii='======================================'
[13:43:04.495] text: ignored bring-up line: '======================================'
[13:43:04.497] line: 25 bytes ascii='APDS-9930 proximity: 1023'
[13:43:04.497] apds: serial-monitor proximity=1023
[13:43:04.497] line: 17 bytes ascii='Hand present: YES'
[13:43:04.497] apds: hand_present=True
[13:43:04.742] line: 0 bytes ascii=''
[13:43:04.742] line: 0 bytes ascii=''
[13:43:04.745] line: 38 bytes ascii='======================================'
[13:43:04.745] text: ignored bring-up line: '======================================'
[13:43:04.747] line: 25 bytes ascii='APDS-9930 proximity: 1023'
[13:43:04.747] apds: serial-monitor proximity=1023
[13:43:04.747] line: 17 bytes ascii='Hand present: YES'
[13:43:04.747] apds: hand_present=True
[13:43:04.993] line: 0 bytes ascii=''
[13:43:04.994] line: 0 bytes ascii=''
[13:43:04.996] line: 38 bytes ascii='======================================'
[13:43:04.996] text: ignored bring-up line: '======================================'
[13:43:04.997] line: 25 bytes ascii='APDS-9930 proximity: 1023'
[13:43:04.997] apds: serial-monitor proximity=1023
[13:43:04.997] line: 17 bytes ascii='Hand present: YES'
[13:43:04.997] apds: hand_present=True
[13:43:05.242] line: 0 bytes ascii=''
[13:43:05.242] line: 0 bytes ascii=''
[13:43:05.245] line: 38 bytes ascii='======================================'
[13:43:05.245] text: ignored bring-up line: '======================================'
[13:43:05.247] line: 25 bytes ascii='APDS-9930 proximity: 1023'
[13:43:05.247] apds: serial-monitor proximity=1023
[13:43:05.247] line: 17 bytes ascii='Hand present: YES'
[13:43:05.247] apds: hand_present=True
[13:43:05.492] line: 0 bytes ascii=''
[13:43:05.492] line: 0 bytes ascii=''
[13:43:05.495] line: 38 bytes ascii='======================================'
[13:43:05.495] text: ignored bring-up line: '======================================'
[13:43:05.497] line: 25 bytes ascii='APDS-9930 proximity: 1023'
[13:43:05.497] apds: serial-monitor proximity=1023
[13:43:05.497] line: 17 bytes ascii='Hand present: YES'
[13:43:05.497] apds: hand_present=True
[13:43:05.742] line: 0 bytes ascii=''
[13:43:05.742] line: 0 bytes ascii=''
[13:43:05.745] line: 38 bytes ascii='======================================'
[13:43:05.745] text: ignored bring-up line: '======================================'
[13:43:05.747] line: 25 bytes ascii='APDS-9930 proximity: 1023'
[13:43:05.747] apds: serial-monitor proximity=1023
[13:43:05.747] line: 17 bytes ascii='Hand present: YES'
[13:43:05.747] apds: hand_present=True
[13:43:05.992] line: 0 bytes ascii=''
[13:43:05.992] line: 0 bytes ascii=''
[13:43:05.995] line: 38 bytes ascii='======================================'
[13:43:05.995] text: ignored bring-up line: '======================================'
[13:43:05.997] line: 25 bytes ascii='APDS-9930 proximity: 1023'
[13:43:05.997] apds: serial-monitor proximity=1023
[13:43:05.997] line: 17 bytes ascii='Hand present: YES'
[13:43:05.997] apds: hand_present=True
[13:43:06.242] line: 0 bytes ascii=''
[13:43:06.242] line: 0 bytes ascii=''
[13:43:06.245] line: 38 bytes ascii='======================================'
[13:43:06.245] text: ignored bring-up line: '======================================'
[13:43:06.247] line: 25 bytes ascii='APDS-9930 proximity: 1023'
[13:43:06.247] apds: serial-monitor proximity=1023
[13:43:06.247] line: 17 bytes ascii='Hand present: YES'
[13:43:06.247] apds: hand_present=True
[13:43:06.492] line: 0 bytes ascii=''
[13:43:06.492] line: 0 bytes ascii=''
[13:43:06.495] line: 38 bytes ascii='======================================'
[13:43:06.495] text: ignored bring-up line: '======================================'
[13:43:06.497] line: 25 bytes ascii='APDS-9930 proximity: 1023'
[13:43:06.497] apds: serial-monitor proximity=1023
[13:43:06.497] line: 17 bytes ascii='Hand present: YES'
[13:43:06.497] apds: hand_present=True
[13:43:06.743] line: 0 bytes ascii=''
[13:43:06.743] line: 0 bytes ascii=''
[13:43:06.745] line: 38 bytes ascii='======================================'
[13:43:06.745] text: ignored bring-up line: '======================================'
[13:43:06.747] line: 25 bytes ascii='APDS-9930 proximity: 1023'
[13:43:06.747] apds: serial-monitor proximity=1023
[13:43:06.747] line: 17 bytes ascii='Hand present: YES'
[13:43:06.747] apds: hand_present=True
[13:43:06.992] line: 0 bytes ascii=''
[13:43:06.992] line: 0 bytes ascii=''
[13:43:06.995] line: 38 bytes ascii='======================================'
[13:43:06.995] text: ignored bring-up line: '======================================'
[13:43:06.997] line: 25 bytes ascii='APDS-9930 proximity: 1023'
[13:43:06.997] apds: serial-monitor proximity=1023
[13:43:06.997] line: 17 bytes ascii='Hand present: YES'
[13:43:06.997] apds: hand_present=True
[13:43:07.242] line: 0 bytes ascii=''
[13:43:07.242] line: 0 bytes ascii=''
[13:43:07.245] line: 38 bytes ascii='======================================'
[13:43:07.245] text: ignored bring-up line: '======================================'
[13:43:07.247] line: 25 bytes ascii='APDS-9930 proximity: 1023'
[13:43:07.247] apds: serial-monitor proximity=1023
[13:43:07.247] line: 17 bytes ascii='Hand present: YES'
[13:43:07.247] apds: hand_present=True
[13:43:07.493] line: 0 bytes ascii=''
[13:43:07.493] line: 0 bytes ascii=''
[13:43:07.495] line: 38 bytes ascii='======================================'
[13:43:07.495] text: ignored bring-up line: '======================================'
[13:43:07.497] line: 25 bytes ascii='APDS-9930 proximity: 1023'
[13:43:07.497] apds: serial-monitor proximity=1023
[13:43:07.497] line: 17 bytes ascii='Hand present: YES'
[13:43:07.497] apds: hand_present=True
[13:43:07.742] line: 0 bytes ascii=''
[13:43:07.742] line: 0 bytes ascii=''
[13:43:07.745] line: 38 bytes ascii='======================================'
[13:43:07.745] text: ignored bring-up line: '======================================'
[13:43:07.748] line: 25 bytes ascii='APDS-9930 proximity: 1023'
[13:43:07.748] apds: serial-monitor proximity=1023
[13:43:07.748] line: 17 bytes ascii='Hand present: YES'
[13:43:07.748] apds: hand_present=True
[13:43:07.993] line: 0 bytes ascii=''
[13:43:07.993] line: 0 bytes ascii=''
[13:43:07.995] line: 38 bytes ascii='======================================'
[13:43:07.995] text: ignored bring-up line: '======================================'
[13:43:07.997] line: 25 bytes ascii='APDS-9930 proximity: 1023'
[13:43:07.997] apds: serial-monitor proximity=1023
[13:43:07.997] line: 17 bytes ascii='Hand present: YES'
[13:43:07.997] apds: hand_present=True
[13:43:08.242] line: 0 bytes ascii=''
[13:43:08.243] line: 0 bytes ascii=''
[13:43:08.245] line: 38 bytes ascii='======================================'
[13:43:08.245] text: ignored bring-up line: '======================================'
[13:43:08.249] line: 25 bytes ascii='APDS-9930 proximity: 1023'
[13:43:08.249] apds: serial-monitor proximity=1023
[13:43:08.249] line: 17 bytes ascii='Hand present: YES'
[13:43:08.249] apds: hand_present=True
[13:43:08.492] line: 0 bytes ascii=''
[13:43:08.492] line: 0 bytes ascii=''
[13:43:08.495] line: 38 bytes ascii='======================================'
[13:43:08.495] text: ignored bring-up line: '======================================'
[13:43:08.498] line: 25 bytes ascii='APDS-9930 proximity: 1023'
[13:43:08.498] apds: serial-monitor proximity=1023
[13:43:08.498] line: 17 bytes ascii='Hand present: YES'
[13:43:08.498] apds: hand_present=True
[13:43:08.742] line: 0 bytes ascii=''
[13:43:08.743] line: 0 bytes ascii=''
[13:43:08.745] line: 38 bytes ascii='======================================'
[13:43:08.745] text: ignored bring-up line: '======================================'
[13:43:08.747] line: 25 bytes ascii='APDS-9930 proximity: 1023'
[13:43:08.747] apds: serial-monitor proximity=1023
[13:43:08.747] line: 17 bytes ascii='Hand present: YES'
[13:43:08.747] apds: hand_present=True
[13:43:08.992] line: 0 bytes ascii=''
[13:43:08.992] line: 0 bytes ascii=''
[13:43:08.996] line: 38 bytes ascii='======================================'
[13:43:08.996] text: ignored bring-up line: '======================================'
[13:43:08.997] line: 25 bytes ascii='APDS-9930 proximity: 1023'
[13:43:08.997] apds: serial-monitor proximity=1023
[13:43:08.997] line: 17 bytes ascii='Hand present: YES'
[13:43:08.997] apds: hand_present=True
[13:43:09.242] line: 0 bytes ascii=''
[13:43:09.243] line: 0 bytes ascii=''
[13:43:09.245] line: 38 bytes ascii='======================================'
[13:43:09.246] text: ignored bring-up line: '======================================'
[13:43:09.247] line: 25 bytes ascii='APDS-9930 proximity: 1023'
[13:43:09.248] apds: serial-monitor proximity=1023
[13:43:09.248] line: 17 bytes ascii='Hand present: YES'
[13:43:09.248] apds: hand_present=True
[13:43:09.492] line: 0 bytes ascii=''
[13:43:09.492] line: 0 bytes ascii=''
[13:43:09.495] line: 38 bytes ascii='======================================'
[13:43:09.495] text: ignored bring-up line: '======================================'
[13:43:09.499] line: 25 bytes ascii='APDS-9930 proximity: 1023'
[13:43:09.499] apds: serial-monitor proximity=1023
[13:43:09.499] line: 17 bytes ascii='Hand present: YES'
[13:43:09.499] apds: hand_present=True
[13:43:09.742] line: 0 bytes ascii=''
[13:43:09.743] line: 0 bytes ascii=''
[13:43:09.746] line: 38 bytes ascii='======================================'
[13:43:09.746] text: ignored bring-up line: '======================================'
[13:43:09.747] line: 25 bytes ascii='APDS-9930 proximity: 1023'
[13:43:09.747] apds: serial-monitor proximity=1023
[13:43:09.747] line: 17 bytes ascii='Hand present: YES'
[13:43:09.747] apds: hand_present=True
[13:43:09.992] line: 0 bytes ascii=''
[13:43:09.992] line: 0 bytes ascii=''
[13:43:09.995] line: 38 bytes ascii='======================================'
[13:43:09.995] text: ignored bring-up line: '======================================'
[13:43:09.997] line: 25 bytes ascii='APDS-9930 proximity: 1023'
[13:43:09.997] apds: serial-monitor proximity=1023
[13:43:09.997] line: 17 bytes ascii='Hand present: YES'
[13:43:09.997] apds: hand_present=True
[13:43:10.242] line: 0 bytes ascii=''
[13:43:10.242] line: 0 bytes ascii=''
[13:43:10.245] line: 38 bytes ascii='======================================'
[13:43:10.245] text: ignored bring-up line: '======================================'
[13:43:10.249] line: 25 bytes ascii='APDS-9930 proximity: 1023'
[13:43:10.249] apds: serial-monitor proximity=1023
[13:43:10.249] line: 17 bytes ascii='Hand present: YES'
[13:43:10.249] apds: hand_present=True
[13:43:10.492] line: 0 bytes ascii=''
[13:43:10.493] line: 0 bytes ascii=''
[13:43:10.496] line: 38 bytes ascii='======================================'
[13:43:10.496] text: ignored bring-up line: '======================================'
[13:43:10.497] line: 25 bytes ascii='APDS-9930 proximity: 1023'
[13:43:10.497] apds: serial-monitor proximity=1023
[13:43:10.497] line: 17 bytes ascii='Hand present: YES'
[13:43:10.497] apds: hand_present=True
[13:43:10.742] line: 0 bytes ascii=''
[13:43:10.742] line: 0 bytes ascii=''
[13:43:10.745] line: 38 bytes ascii='======================================'
[13:43:10.745] text: ignored bring-up line: '======================================'
[13:43:10.747] line: 25 bytes ascii='APDS-9930 proximity: 1023'
[13:43:10.748] apds: serial-monitor proximity=1023
[13:43:10.748] line: 17 bytes ascii='Hand present: YES'
[13:43:10.748] apds: hand_present=True
[13:43:10.992] line: 0 bytes ascii=''
[13:43:10.992] line: 0 bytes ascii=''
[13:43:10.995] line: 38 bytes ascii='======================================'
[13:43:10.995] text: ignored bring-up line: '======================================'
[13:43:10.998] line: 25 bytes ascii='APDS-9930 proximity: 1023'
[13:43:10.999] apds: serial-monitor proximity=1023
[13:43:10.999] line: 17 bytes ascii='Hand present: YES'
[13:43:10.999] apds: hand_present=True
[13:43:11.242] line: 0 bytes ascii=''
[13:43:11.243] line: 0 bytes ascii=''
[13:43:11.245] line: 38 bytes ascii='======================================'
[13:43:11.245] text: ignored bring-up line: '======================================'
[13:43:11.247] line: 25 bytes ascii='APDS-9930 proximity: 1023'
[13:43:11.247] apds: serial-monitor proximity=1023
[13:43:11.247] line: 17 bytes ascii='Hand present: YES'
[13:43:11.247] apds: hand_present=True
[13:43:11.493] line: 0 bytes ascii=''
[13:43:11.493] line: 0 bytes ascii=''
[13:43:11.495] line: 38 bytes ascii='======================================'
[13:43:11.495] text: ignored bring-up line: '======================================'
[13:43:11.498] line: 25 bytes ascii='APDS-9930 proximity: 1023'
[13:43:11.498] apds: serial-monitor proximity=1023
[13:43:11.498] line: 17 bytes ascii='Hand present: YES'
[13:43:11.498] apds: hand_present=True
[13:43:11.743] line: 0 bytes ascii=''
[13:43:11.743] line: 0 bytes ascii=''
[13:43:11.745] line: 38 bytes ascii='======================================'
[13:43:11.745] text: ignored bring-up line: '======================================'
[13:43:11.748] line: 25 bytes ascii='APDS-9930 proximity: 1023'
[13:43:11.748] apds: serial-monitor proximity=1023
[13:43:11.748] line: 17 bytes ascii='Hand present: YES'
[13:43:11.748] apds: hand_present=True
[13:43:11.992] line: 0 bytes ascii=''
[13:43:11.992] line: 0 bytes ascii=''
[13:43:11.997] line: 38 bytes ascii='======================================'
[13:43:11.997] text: ignored bring-up line: '======================================'
[13:43:11.997] line: 25 bytes ascii='APDS-9930 proximity: 1023'
[13:43:11.997] apds: serial-monitor proximity=1023
[13:43:11.997] line: 17 bytes ascii='Hand present: YES'
[13:43:11.997] apds: hand_present=True
[13:43:12.242] line: 0 bytes ascii=''
[13:43:12.242] line: 0 bytes ascii=''
[13:43:12.247] line: 38 bytes ascii='======================================'
[13:43:12.247] text: ignored bring-up line: '======================================'
[13:43:12.247] line: 25 bytes ascii='APDS-9930 proximity: 1023'
[13:43:12.247] apds: serial-monitor proximity=1023
[13:43:12.247] line: 17 bytes ascii='Hand present: YES'
[13:43:12.247] apds: hand_present=True
[13:43:12.492] line: 0 bytes ascii=''
[13:43:12.493] line: 0 bytes ascii=''
[13:43:12.495] line: 38 bytes ascii='======================================'
[13:43:12.495] text: ignored bring-up line: '======================================'
[13:43:12.498] line: 25 bytes ascii='APDS-9930 proximity: 1023'
[13:43:12.498] apds: serial-monitor proximity=1023
[13:43:12.498] line: 17 bytes ascii='Hand present: YES'
[13:43:12.498] apds: hand_present=True
[13:43:12.742] line: 0 bytes ascii=''
[13:43:12.742] line: 0 bytes ascii=''
[13:43:12.745] line: 38 bytes ascii='======================================'
[13:43:12.745] text: ignored bring-up line: '======================================'
[13:43:12.748] line: 25 bytes ascii='APDS-9930 proximity: 1023'
[13:43:12.748] apds: serial-monitor proximity=1023
[13:43:12.748] line: 17 bytes ascii='Hand present: YES'
[13:43:12.748] apds: hand_present=True
[13:43:12.992] line: 0 bytes ascii=''
[13:43:12.992] line: 0 bytes ascii=''
[13:43:12.995] line: 38 bytes ascii='======================================'
[13:43:12.995] text: ignored bring-up line: '======================================'
[13:43:12.997] line: 25 bytes ascii='APDS-9930 proximity: 1023'
[13:43:12.997] apds: serial-monitor proximity=1023
[13:43:12.997] line: 17 bytes ascii='Hand present: YES'
[13:43:12.997] apds: hand_present=True
[13:43:13.242] line: 0 bytes ascii=''
[13:43:13.242] line: 0 bytes ascii=''
[13:43:13.245] line: 38 bytes ascii='======================================'
[13:43:13.245] text: ignored bring-up line: '======================================'
[13:43:13.247] line: 25 bytes ascii='APDS-9930 proximity: 1023'
[13:43:13.247] apds: serial-monitor proximity=1023
[13:43:13.247] line: 17 bytes ascii='Hand present: YES'
[13:43:13.247] apds: hand_present=True
[13:43:13.492] line: 0 bytes ascii=''
[13:43:13.492] line: 0 bytes ascii=''
[13:43:13.495] line: 38 bytes ascii='======================================'
[13:43:13.495] text: ignored bring-up line: '======================================'
[13:43:13.498] line: 25 bytes ascii='APDS-9930 proximity: 1023'
[13:43:13.498] apds: serial-monitor proximity=1023
[13:43:13.498] line: 17 bytes ascii='Hand present: YES'
[13:43:13.498] apds: hand_present=True
[13:43:13.743] line: 0 bytes ascii=''
[13:43:13.743] line: 0 bytes ascii=''
[13:43:13.746] line: 38 bytes ascii='======================================'
[13:43:13.746] text: ignored bring-up line: '======================================'
[13:43:13.748] line: 25 bytes ascii='APDS-9930 proximity: 1023'
[13:43:13.748] apds: serial-monitor proximity=1023
[13:43:13.748] line: 17 bytes ascii='Hand present: YES'
[13:43:13.748] apds: hand_present=True
[13:43:13.992] line: 0 bytes ascii=''
[13:43:13.993] line: 0 bytes ascii=''
[13:43:13.995] line: 38 bytes ascii='======================================'
[13:43:13.995] text: ignored bring-up line: '======================================'
[13:43:13.997] line: 25 bytes ascii='APDS-9930 proximity: 1023'
[13:43:13.997] apds: serial-monitor proximity=1023
[13:43:13.997] line: 17 bytes ascii='Hand present: YES'
[13:43:13.998] apds: hand_present=True
[13:43:14.243] line: 0 bytes ascii=''
[13:43:14.243] line: 0 bytes ascii=''
[13:43:14.245] line: 38 bytes ascii='======================================'
[13:43:14.246] text: ignored bring-up line: '======================================'
[13:43:14.247] line: 25 bytes ascii='APDS-9930 proximity: 1023'
[13:43:14.248] apds: serial-monitor proximity=1023
[13:43:14.248] line: 17 bytes ascii='Hand present: YES'
[13:43:14.248] apds: hand_present=True
[13:43:14.492] line: 0 bytes ascii=''
[13:43:14.493] line: 0 bytes ascii=''
[13:43:14.496] line: 38 bytes ascii='======================================'
[13:43:14.496] text: ignored bring-up line: '======================================'
[13:43:14.497] line: 25 bytes ascii='APDS-9930 proximity: 1023'
[13:43:14.497] apds: serial-monitor proximity=1023
[13:43:14.497] line: 17 bytes ascii='Hand present: YES'
[13:43:14.497] apds: hand_present=True
[13:43:14.742] line: 0 bytes ascii=''
[13:43:14.742] line: 0 bytes ascii=''
[13:43:14.745] line: 38 bytes ascii='======================================'
[13:43:14.745] text: ignored bring-up line: '======================================'
[13:43:14.747] line: 25 bytes ascii='APDS-9930 proximity: 1023'
[13:43:14.747] apds: serial-monitor proximity=1023
[13:43:14.747] line: 17 bytes ascii='Hand present: YES'
[13:43:14.747] apds: hand_present=True
[13:43:14.992] line: 0 bytes ascii=''
[13:43:14.992] line: 0 bytes ascii=''
[13:43:14.995] line: 38 bytes ascii='======================================'
[13:43:14.995] text: ignored bring-up line: '======================================'
[13:43:14.997] line: 25 bytes ascii='APDS-9930 proximity: 1023'
[13:43:14.997] apds: serial-monitor proximity=1023
[13:43:14.997] line: 17 bytes ascii='Hand present: YES'
[13:43:14.997] apds: hand_present=True
[13:43:15.242] line: 0 bytes ascii=''
[13:43:15.243] line: 0 bytes ascii=''
[13:43:15.245] line: 38 bytes ascii='======================================'
[13:43:15.245] text: ignored bring-up line: '======================================'
[13:43:15.247] line: 25 bytes ascii='APDS-9930 proximity: 1023'
[13:43:15.247] apds: serial-monitor proximity=1023
[13:43:15.247] line: 17 bytes ascii='Hand present: YES'
[13:43:15.247] apds: hand_present=True
[13:43:15.492] line: 0 bytes ascii=''
[13:43:15.493] line: 0 bytes ascii=''
[13:43:15.495] line: 38 bytes ascii='======================================'
[13:43:15.495] text: ignored bring-up line: '======================================'
[13:43:15.497] line: 25 bytes ascii='APDS-9930 proximity: 1023'
[13:43:15.497] apds: serial-monitor proximity=1023
[13:43:15.497] line: 17 bytes ascii='Hand present: YES'
[13:43:15.497] apds: hand_present=True
[13:43:15.742] line: 0 bytes ascii=''
[13:43:15.743] line: 0 bytes ascii=''
[13:43:15.745] line: 38 bytes ascii='======================================'
[13:43:15.745] text: ignored bring-up line: '======================================'
[13:43:15.748] line: 25 bytes ascii='APDS-9930 proximity: 1023'
[13:43:15.748] apds: serial-monitor proximity=1023
[13:43:15.748] line: 17 bytes ascii='Hand present: YES'
[13:43:15.748] apds: hand_present=True
[13:43:15.993] line: 0 bytes ascii=''
[13:43:15.993] line: 0 bytes ascii=''
[13:43:15.995] line: 38 bytes ascii='======================================'
[13:43:15.995] text: ignored bring-up line: '======================================'
[13:43:15.998] line: 25 bytes ascii='APDS-9930 proximity: 1023'
[13:43:15.998] apds: serial-monitor proximity=1023
[13:43:15.998] line: 17 bytes ascii='Hand present: YES'
[13:43:15.998] apds: hand_present=True
[13:43:16.242] line: 0 bytes ascii=''
[13:43:16.242] line: 0 bytes ascii=''
[13:43:16.247] line: 38 bytes ascii='======================================'
[13:43:16.247] text: ignored bring-up line: '======================================'
[13:43:16.247] line: 25 bytes ascii='APDS-9930 proximity: 1023'
[13:43:16.247] apds: serial-monitor proximity=1023
[13:43:16.247] line: 17 bytes ascii='Hand present: YES'
[13:43:16.247] apds: hand_present=True
[13:43:16.492] line: 0 bytes ascii=''
[13:43:16.492] line: 0 bytes ascii=''
[13:43:16.497] line: 38 bytes ascii='======================================'
[13:43:16.497] text: ignored bring-up line: '======================================'
[13:43:16.497] line: 25 bytes ascii='APDS-9930 proximity: 1023'
[13:43:16.497] apds: serial-monitor proximity=1023
[13:43:16.497] line: 17 bytes ascii='Hand present: YES'
[13:43:16.497] apds: hand_present=True
[13:43:16.743] line: 0 bytes ascii=''
[13:43:16.743] line: 0 bytes ascii=''
[13:43:16.745] line: 38 bytes ascii='======================================'
[13:43:16.745] text: ignored bring-up line: '======================================'
[13:43:16.747] line: 25 bytes ascii='APDS-9930 proximity: 1023'
[13:43:16.747] apds: serial-monitor proximity=1023
[13:43:16.747] line: 17 bytes ascii='Hand present: YES'
[13:43:16.747] apds: hand_present=True
[13:43:16.992] line: 0 bytes ascii=''
[13:43:16.992] line: 0 bytes ascii=''
[13:43:16.996] line: 38 bytes ascii='======================================'
[13:43:16.996] text: ignored bring-up line: '======================================'
[13:43:16.998] line: 25 bytes ascii='APDS-9930 proximity: 1023'
[13:43:16.998] apds: serial-monitor proximity=1023
[13:43:16.998] line: 17 bytes ascii='Hand present: YES'
[13:43:16.998] apds: hand_present=True
[13:43:17.242] line: 0 bytes ascii=''
[13:43:17.243] line: 0 bytes ascii=''
[13:43:17.245] line: 38 bytes ascii='======================================'
[13:43:17.245] text: ignored bring-up line: '======================================'
[13:43:17.247] line: 25 bytes ascii='APDS-9930 proximity: 1023'
[13:43:17.247] apds: serial-monitor proximity=1023
[13:43:17.247] line: 17 bytes ascii='Hand present: YES'
[13:43:17.247] apds: hand_present=True
[13:43:17.492] line: 0 bytes ascii=''
[13:43:17.492] line: 0 bytes ascii=''
[13:43:17.495] line: 38 bytes ascii='======================================'
[13:43:17.495] text: ignored bring-up line: '======================================'
[13:43:17.497] line: 25 bytes ascii='APDS-9930 proximity: 1023'
[13:43:17.497] apds: serial-monitor proximity=1023
[13:43:17.497] line: 17 bytes ascii='Hand present: YES'
[13:43:17.497] apds: hand_present=True
[13:43:17.742] line: 0 bytes ascii=''
[13:43:17.742] line: 0 bytes ascii=''
[13:43:17.745] line: 38 bytes ascii='======================================'
[13:43:17.745] text: ignored bring-up line: '======================================'
[13:43:17.748] line: 25 bytes ascii='APDS-9930 proximity: 1023'
[13:43:17.748] apds: serial-monitor proximity=1023
[13:43:17.748] line: 17 bytes ascii='Hand present: YES'
[13:43:17.748] apds: hand_present=True
[13:43:17.993] line: 0 bytes ascii=''
[13:43:17.993] line: 0 bytes ascii=''
[13:43:17.995] line: 38 bytes ascii='======================================'
[13:43:17.995] text: ignored bring-up line: '======================================'
[13:43:17.997] line: 25 bytes ascii='APDS-9930 proximity: 1023'
[13:43:17.997] apds: serial-monitor proximity=1023
[13:43:17.997] line: 17 bytes ascii='Hand present: YES'
[13:43:17.997] apds: hand_present=True
[13:43:18.242] line: 0 bytes ascii=''
[13:43:18.243] line: 0 bytes ascii=''
[13:43:18.245] line: 38 bytes ascii='======================================'
[13:43:18.245] text: ignored bring-up line: '======================================'
[13:43:18.247] line: 25 bytes ascii='APDS-9930 proximity: 1023'
[13:43:18.247] apds: serial-monitor proximity=1023
[13:43:18.247] line: 17 bytes ascii='Hand present: YES'
[13:43:18.247] apds: hand_present=True
[13:43:18.492] line: 0 bytes ascii=''
[13:43:18.492] line: 0 bytes ascii=''
[13:43:18.495] line: 38 bytes ascii='======================================'
[13:43:18.495] text: ignored bring-up line: '======================================'
[13:43:18.497] line: 25 bytes ascii='APDS-9930 proximity: 1023'
[13:43:18.497] apds: serial-monitor proximity=1023
[13:43:18.497] line: 17 bytes ascii='Hand present: YES'
[13:43:18.497] apds: hand_present=True
[13:43:18.742] line: 0 bytes ascii=''
[13:43:18.743] line: 0 bytes ascii=''
[13:43:18.745] line: 38 bytes ascii='======================================'
[13:43:18.745] text: ignored bring-up line: '======================================'
[13:43:18.749] line: 25 bytes ascii='APDS-9930 proximity: 1023'
[13:43:18.749] apds: serial-monitor proximity=1023
[13:43:18.749] line: 17 bytes ascii='Hand present: YES'
[13:43:18.749] apds: hand_present=True
[13:43:18.992] line: 0 bytes ascii=''
[13:43:18.992] line: 0 bytes ascii=''
[13:43:18.995] line: 38 bytes ascii='======================================'
[13:43:18.995] text: ignored bring-up line: '======================================'
[13:43:18.998] line: 25 bytes ascii='APDS-9930 proximity: 1023'
[13:43:18.998] apds: serial-monitor proximity=1023
[13:43:18.998] line: 17 bytes ascii='Hand present: YES'
[13:43:18.998] apds: hand_present=True
[13:43:19.244] line: 0 bytes ascii=''
[13:43:19.244] line: 0 bytes ascii=''
[13:43:19.245] line: 38 bytes ascii='======================================'
[13:43:19.245] text: ignored bring-up line: '======================================'
[13:43:19.247] line: 25 bytes ascii='APDS-9930 proximity: 1023'
[13:43:19.247] apds: serial-monitor proximity=1023
[13:43:19.247] line: 17 bytes ascii='Hand present: YES'
[13:43:19.247] apds: hand_present=True
[13:43:19.492] line: 0 bytes ascii=''
[13:43:19.492] line: 0 bytes ascii=''
[13:43:19.495] line: 38 bytes ascii='======================================'
[13:43:19.495] text: ignored bring-up line: '======================================'
[13:43:19.497] line: 25 bytes ascii='APDS-9930 proximity: 1023'
[13:43:19.497] apds: serial-monitor proximity=1023
[13:43:19.497] line: 17 bytes ascii='Hand present: YES'
[13:43:19.497] apds: hand_present=True
[13:43:19.743] line: 0 bytes ascii=''
[13:43:19.743] line: 0 bytes ascii=''
[13:43:19.745] line: 38 bytes ascii='======================================'
[13:43:19.745] text: ignored bring-up line: '======================================'
[13:43:19.747] line: 25 bytes ascii='APDS-9930 proximity: 1023'
[13:43:19.747] apds: serial-monitor proximity=1023
[13:43:19.747] line: 17 bytes ascii='Hand present: YES'
[13:43:19.747] apds: hand_present=True
[13:43:19.993] line: 0 bytes ascii=''
[13:43:19.994] line: 0 bytes ascii=''
[13:43:19.995] line: 38 bytes ascii='======================================'
[13:43:19.995] text: ignored bring-up line: '======================================'
[13:43:19.997] line: 25 bytes ascii='APDS-9930 proximity: 1023'
[13:43:19.997] apds: serial-monitor proximity=1023
[13:43:19.997] line: 17 bytes ascii='Hand present: YES'
[13:43:19.998] apds: hand_present=True
