[14:41:53.685] log_open: /Users/pc3/Documents/PlatformIO/Projects/gesturepuck/GesturePuck/App/logs/tkinter_ui_20260513_144153.log
[14:41:53.686] startup: args={'port': '/dev/cu.usbserial-0001', 'baud': 115200, 'auto_connect': True, 'demo': False, 'serial_debug': True, 'serial_debug_bytes': False, 'ui_log': 'auto', 'serial_debug_log': 'auto'}
[14:41:53.742] permissions_check: checking macOS Accessibility
[14:41:53.858] permissions_check: returncode=0 stderr=''
[14:41:53.858] app_init: default_port='/dev/cu.usbserial-0001' auto_connect=True demo=False baud=115200
[14:41:53.858] recorder_listener: starting pynput keyboard listener
[14:41:53.859] recorder_listener: started running=True
[14:41:53.864] nav: show_page=Global
[14:41:53.864] render: page=Global mappings=1
[14:41:54.037] connect_click: port='/dev/cu.usbserial-0001'
[14:41:54.037] connect: generation=1 demo=False port='/dev/cu.usbserial-0001' baud=115200 serial_debug=True serial_debug_log='auto'
[14:41:54.037] status: NOT CONNECTED -> CONNECTING…
[14:41:54.037] connect_thread: generation=1 constructing GestureEngine
[14:41:54.038] engine_init: demo=False dual=True port='/dev/cu.usbserial-0001' baud=115200 calibration_frames=0
[14:41:54.038] engine_status: OPENING SERIAL /dev/cu.usbserial-0001
[14:41:54.038] engine_status: OPENING SERIAL /dev/cu.usbserial-0001
[14:41:54.038] engine_source: opening DualSensorSerialFrameSource port='/dev/cu.usbserial-0001' baud=115200
[14:41:54.044] engine_source: dual serial source opened
[14:41:54.044] connect_thread: generation=1 starting engine
[14:41:54.044] engine_start: starting source and processing thread
[14:41:54.096] status: CONNECTING… -> OPENING SERIAL /dev/cu.usbserial-0001
[14:41:55.050] engine_status: WAITING FOR FRAMES
[14:41:55.050] engine_start: started
[14:41:55.050] engine_status: WAITING FOR FRAMES
[14:41:55.050] connect_thread: generation=1 engine.start returned
[14:41:55.050] engine_wait: dual bytes=1020 reads=1 frames=0 tof1=0 tof2=0 single=0 text=0/2 prox=0 hand=0 bad=0 csum_err=0 drop_bytes=0 serial_err=0 last=text: unrecognized line outside a ToF table: 'F #1'
[14:41:55.102] status: OPENING SERIAL /dev/cu.usbserial-0001 -> WAITING FOR FRAMES
[14:41:57.061] engine_wait: dual bytes=155466 reads=45026 frames=0 tof1=0 tof2=0 single=0 text=0/25911 prox=0 hand=0 bad=0 csum_err=0 drop_bytes=0 serial_err=0 last=text: unrecognized line outside a ToF table: 'F #1'
[14:41:59.064] engine_wait: dual bytes=293508 reads=91039 frames=0 tof1=0 tof2=0 single=0 text=0/48918 prox=0 hand=0 bad=0 csum_err=0 drop_bytes=0 serial_err=0 last=text: unrecognized line outside a ToF table: 'F #1'
[14:41:59.986] engine_status: RECEIVING FRAMES
[14:41:59.986] engine_status: RECEIVING FRAMES
[14:42:00.022] status: WAITING FOR FRAMES -> RECEIVING FRAMES
[14:42:01.077] engine_wait: dual bytes=361752 reads=111591 frames=20 tof1=20 tof2=0 single=20 text=20/59056 prox=21 hand=0 bad=0 csum_err=0 drop_bytes=0 serial_err=0 last=apds: #PROX proximity=1023 hand=True
[14:42:02.042] connect_watchdog: generation=1 frames_seen=36 status='RECEIVING FRAMES' dual bytes=367632 reads=111963 frames=36 tof1=36 tof2=0 single=36 text=36/59089 prox=37 hand=0 bad=0 csum_err=0 drop_bytes=0 serial_err=0 last=apds: #PROX proximity=1023 hand=True
[14:42:03.087] engine_wait: dual bytes=373932 reads=112359 frames=55 tof1=55 tof2=0 single=55 text=55/59126 prox=56 hand=0 bad=0 csum_err=0 drop_bytes=0 serial_err=0 last=apds: #PROX proximity=1023 hand=True
[14:42:05.097] engine_wait: dual bytes=386623 reads=113175 frames=91 tof1=91 tof2=0 single=91 text=91/59198 prox=92 hand=0 bad=0 csum_err=0 drop_bytes=0 serial_err=0 last=apds: #PROX proximity=1023 hand=True
[14:42:05.531] engine_frames: frames_seen=100 protocol=dual-tof
[14:42:07.105] engine_wait: dual bytes=400403 reads=114101 frames=130 tof1=130 tof2=0 single=130 text=130/59276 prox=131 hand=0 bad=0 csum_err=0 drop_bytes=0 serial_err=0 last=apds: #PROX proximity=1023 hand=True
[14:42:07.635] engine_gesture: name=swipe_down confidence=1.000
[14:42:07.659] gesture: name=swipe_down confidence=1.000
[14:42:09.112] engine_wait: dual bytes=412943 reads=114923 frames=167 tof1=167 tof2=0 single=167 text=167/59350 prox=168 hand=0 bad=0 csum_err=0 drop_bytes=0 serial_err=0 last=apds: #PROX proximity=1023 hand=True
[14:42:09.330] gesture_macro: active_app='Global' macro=None
[14:42:10.776] engine_gesture: name=swipe_down confidence=0.706
[14:42:10.836] gesture: name=swipe_down confidence=0.706
[14:42:10.946] engine_frames: frames_seen=200 protocol=dual-tof
[14:42:11.120] engine_wait: dual bytes=425166 reads=115704 frames=203 tof1=203 tof2=0 single=203 text=203/59422 prox=204 hand=0 bad=0 csum_err=0 drop_bytes=0 serial_err=0 last=apds: #PROX proximity=1023 hand=True
[14:42:11.691] engine_gesture: name=swipe_down confidence=0.610
[14:42:12.515] gesture_macro: active_app='Global' macro=None
[14:42:12.515] gesture: name=swipe_down confidence=0.610
[14:42:13.121] engine_wait: dual bytes=437264 reads=116467 frames=238 tof1=238 tof2=0 single=238 text=238/59492 prox=239 hand=0 bad=0 csum_err=0 drop_bytes=0 serial_err=0 last=apds: #PROX proximity=1023 hand=True
[14:42:14.186] gesture_macro: active_app='Global' macro=None
[14:42:15.128] engine_wait: dual bytes=449503 reads=117237 frames=273 tof1=273 tof2=0 single=273 text=273/59562 prox=274 hand=0 bad=0 csum_err=0 drop_bytes=0 serial_err=0 last=apds: #PROX proximity=1023 hand=True
[14:42:16.656] engine_frames: frames_seen=300 protocol=dual-tof
[14:42:16.657] engine_gesture: name=swipe_up confidence=1.000
[14:42:16.713] gesture: name=swipe_up confidence=1.000
[14:42:17.130] engine_wait: dual bytes=461742 reads=118007 frames=308 tof1=308 tof2=0 single=308 text=308/59632 prox=309 hand=0 bad=0 csum_err=0 drop_bytes=0 serial_err=0 last=apds: #PROX proximity=1023 hand=True
[14:42:18.386] gesture_macro: active_app='Global' macro=None
[14:42:19.134] engine_wait: dual bytes=474123 reads=118783 frames=343 tof1=343 tof2=0 single=343 text=343/59702 prox=344 hand=0 bad=0 csum_err=0 drop_bytes=0 serial_err=0 last=apds: #PROX proximity=1023 hand=True
[14:42:21.136] engine_wait: dual bytes=486472 reads=119557 frames=378 tof1=378 tof2=0 single=378 text=378/59772 prox=379 hand=0 bad=0 csum_err=0 drop_bytes=0 serial_err=0 last=apds: #PROX proximity=1023 hand=True
[14:42:22.350] engine_frames: frames_seen=400 protocol=dual-tof
[14:42:23.147] engine_wait: dual bytes=498916 reads=120337 frames=414 tof1=414 tof2=0 single=414 text=414/59844 prox=415 hand=0 bad=0 csum_err=0 drop_bytes=0 serial_err=0 last=apds: #PROX proximity=1023 hand=True
[14:42:25.155] engine_wait: dual bytes=511201 reads=121107 frames=449 tof1=449 tof2=0 single=449 text=449/59914 prox=450 hand=0 bad=0 csum_err=0 drop_bytes=0 serial_err=0 last=apds: #PROX proximity=1023 hand=True
[14:42:27.163] engine_wait: dual bytes=523517 reads=121879 frames=484 tof1=484 tof2=0 single=484 text=484/59984 prox=485 hand=0 bad=0 csum_err=0 drop_bytes=0 serial_err=0 last=apds: #PROX proximity=573 hand=True
[14:42:28.049] engine_frames: frames_seen=500 protocol=dual-tof
[14:42:28.982] app_close: closing GesturePuck UI
[14:42:28.982] engine_stop: stopping
[14:42:28.987] engine_stop: stopped
