[14:57:47.799] log_open: /Users/pc3/Documents/PlatformIO/Projects/gesturepuck/GesturePuck/App/logs/tkinter_ui_20260513_145747.log
[14:57:47.799] startup: args={'port': '/dev/cu.usbserial-0001', 'baud': 115200, 'auto_connect': True, 'demo': False, 'serial_debug': True, 'serial_debug_bytes': False, 'ui_log': 'auto', 'serial_debug_log': 'auto'}
[14:57:47.861] permissions_check: checking macOS Accessibility
[14:57:47.990] permissions_check: returncode=0 stderr=''
[14:57:47.990] app_init: default_port='/dev/cu.usbserial-0001' auto_connect=True demo=False baud=115200
[14:57:47.991] recorder_listener: starting pynput keyboard listener
[14:57:47.992] recorder_listener: started running=True
[14:57:47.997] nav: show_page=Global
[14:57:47.998] render: page=Global mappings=5
[14:57:48.169] connect_click: port='/dev/cu.usbserial-0001'
[14:57:48.169] connect: generation=1 demo=False port='/dev/cu.usbserial-0001' baud=115200 serial_debug=True serial_debug_log='auto'
[14:57:48.169] status: NOT CONNECTED -> CONNECTING…
[14:57:48.169] connect_thread: generation=1 constructing GestureEngine
[14:57:48.170] engine_init: demo=False dual=True port='/dev/cu.usbserial-0001' baud=115200 calibration_frames=0
[14:57:48.170] engine_status: OPENING SERIAL /dev/cu.usbserial-0001
[14:57:48.170] engine_status: OPENING SERIAL /dev/cu.usbserial-0001
[14:57:48.170] engine_source: opening DualSensorSerialFrameSource port='/dev/cu.usbserial-0001' baud=115200
[14:57:48.175] engine_source: dual serial source opened
[14:57:48.176] connect_thread: generation=1 starting engine
[14:57:48.176] engine_start: starting source and processing thread
[14:57:48.228] status: CONNECTING… -> OPENING SERIAL /dev/cu.usbserial-0001
[14:57:49.181] engine_status: WAITING FOR FRAMES
[14:57:49.181] engine_start: started
[14:57:49.181] engine_status: WAITING FOR FRAMES
[14:57:49.182] connect_thread: generation=1 engine.start returned
[14:57:49.182] engine_wait: dual bytes=1020 reads=1 frames=0 tof1=0 tof2=0 single=0 text=0/1 prox=0 hand=0 bad=0 csum_err=0 drop_bytes=0 serial_err=0 last=text: unrecognized line outside a ToF table: 'ebbbºbbʺbbbʂbbj'
[14:57:49.193] engine_status: RECEIVING FRAMES
[14:57:49.193] engine_status: RECEIVING FRAMES
[14:57:49.243] status: OPENING SERIAL /dev/cu.usbserial-0001 -> WAITING FOR FRAMES
[14:57:49.244] status: WAITING FOR FRAMES -> RECEIVING FRAMES
[14:57:49.838] recalibrate_click: engine_present=True
[14:57:49.838] engine_status: RECALIBRATED
[14:57:49.838] engine_status: RECALIBRATED
[14:57:49.838] engine_recalibrate: state reset; background calibration disabled
[14:57:49.838] status: RECEIVING FRAMES -> RECALIBRATED
[14:57:51.193] engine_wait: dual bytes=18730 reads=838 frames=52 tof1=52 tof2=0 single=52 text=52/106 prox=53 hand=0 bad=0 csum_err=0 drop_bytes=0 serial_err=0 last=apds: #PROX proximity=1023 hand=True
[14:57:53.199] engine_wait: dual bytes=31131 reads=1637 frames=88 tof1=88 tof2=0 single=88 text=88/178 prox=89 hand=0 bad=0 csum_err=0 drop_bytes=0 serial_err=0 last=apds: #PROX proximity=1023 hand=True
[14:57:53.429] engine_gesture: name=swipe_up confidence=1.000 details=dx=+0.06 dy=-3.50 dz=+107mm fdx=+1.22 fdy=+0.59 dt=0.17s speed=20.55cells/s vz=+1313mm/s lin=1.00 q=0.56; reason=exit; peak_hold
[14:57:53.465] gesture: name=swipe_up confidence=1.000
[14:57:54.797] engine_frames: frames_seen=100 protocol=dual-tof
[14:57:55.137] gesture_macro: active_app='Global' macro='cmd+shift+3'
[14:57:55.202] engine_wait: dual bytes=43521 reads=2447 frames=123 tof1=123 tof2=0 single=123 text=123/248 prox=124 hand=0 bad=0 csum_err=0 drop_bytes=0 serial_err=0 last=apds: #PROX proximity=1023 hand=True
[14:57:55.291] macro_run: gesture=swipe_up macro='cmd+shift+3' result='screenshot:/Users/pc3/Desktop/GesturePuck-Screenshot-20260513-145755.png'
[14:57:56.188] connect_watchdog: generation=1 frames_seen=124 status='RECALIBRATED' dual bytes=49539 reads=2845 frames=140 tof1=140 tof2=0 single=140 text=140/282 prox=141 hand=0 bad=0 csum_err=0 drop_bytes=0 serial_err=0 last=apds: #PROX proximity=1023 hand=True
[14:57:57.205] engine_wait: dual bytes=55911 reads=3259 frames=158 tof1=158 tof2=0 single=158 text=158/318 prox=159 hand=0 bad=0 csum_err=0 drop_bytes=0 serial_err=0 last=apds: #PROX proximity=1023 hand=True
[14:57:58.333] engine_gesture: name=swipe_up confidence=1.000 details=dx=+0.23 dy=-3.69 dz=+331mm fdx=-0.14 fdy=-2.23 dt=0.17s speed=21.25cells/s vz=+1661mm/s lin=1.00 q=0.89; reason=exit
[14:57:58.382] gesture: name=swipe_up confidence=1.000
[14:57:59.207] engine_wait: dual bytes=68220 reads=4057 frames=193 tof1=193 tof2=0 single=193 text=193/388 prox=194 hand=0 bad=0 csum_err=0 drop_bytes=0 serial_err=0 last=apds: #PROX proximity=1023 hand=True
[14:58:00.064] gesture_macro: active_app='Global' macro='cmd+shift+3'
[14:58:00.207] macro_run: gesture=swipe_up macro='cmd+shift+3' result='screenshot:/Users/pc3/Desktop/GesturePuck-Screenshot-20260513-145800.png'
[14:58:00.497] engine_frames: frames_seen=200 protocol=dual-tof
[14:58:01.210] engine_wait: dual bytes=80866 reads=4884 frames=228 tof1=228 tof2=0 single=228 text=228/458 prox=229 hand=0 bad=0 csum_err=0 drop_bytes=0 serial_err=0 last=apds: #PROX proximity=1023 hand=True
[14:58:03.215] engine_wait: dual bytes=94048 reads=5755 frames=266 tof1=266 tof2=0 single=266 text=266/533 prox=266 hand=0 bad=0 csum_err=0 drop_bytes=0 serial_err=0 last=emit: single-sensor dual packet #266 primary=ToF#1 seq=14869 proximity=1023 hand=True
[14:58:05.226] engine_wait: dual bytes=107854 reads=6684 frames=305 tof1=305 tof2=0 single=305 text=305/611 prox=305 hand=0 bad=0 csum_err=0 drop_bytes=0 serial_err=0 last=emit: single-sensor dual packet #305 primary=ToF#1 seq=14908 proximity=1023 hand=True
[14:58:05.818] engine_frames: frames_seen=300 protocol=dual-tof
[14:58:07.229] engine_wait: dual bytes=120676 reads=7537 frames=341 tof1=341 tof2=0 single=341 text=341/684 prox=342 hand=0 bad=0 csum_err=0 drop_bytes=0 serial_err=0 last=apds: #PROX proximity=1023 hand=True
[14:58:09.233] engine_wait: dual bytes=133354 reads=8369 frames=376 tof1=377 tof2=0 single=376 text=377/755 prox=377 hand=0 bad=0 csum_err=0 drop_bytes=0 serial_err=0 last=tof-frame: ToF #1 csv frame parsed seq=14980 finite=64/64 min=1587 max=4000 mean=1953
[14:58:11.238] engine_wait: dual bytes=145746 reads=9191 frames=412 tof1=412 tof2=0 single=412 text=412/826 prox=413 hand=0 bad=0 csum_err=0 drop_bytes=0 serial_err=0 last=apds: #PROX proximity=1023 hand=True
[14:58:11.461] engine_frames: frames_seen=400 protocol=dual-tof
[14:58:13.240] engine_wait: dual bytes=158136 reads=10010 frames=447 tof1=447 tof2=0 single=447 text=447/896 prox=448 hand=0 bad=0 csum_err=0 drop_bytes=0 serial_err=0 last=apds: #PROX proximity=1023 hand=True
[14:58:15.246] engine_wait: dual bytes=170476 reads=10816 frames=482 tof1=482 tof2=0 single=482 text=482/966 prox=483 hand=0 bad=0 csum_err=0 drop_bytes=0 serial_err=0 last=apds: #PROX proximity=1023 hand=True
[14:58:16.018] engine_gesture: name=swipe_down confidence=0.650 details=dx=-0.51 dy=+2.16 dz=+314mm fdx=-2.65 fdy=+1.56 dt=0.34s speed=6.50cells/s vz=+1219mm/s lin=0.74 q=0.75; reason=exit; tail
[14:58:16.034] gesture: name=swipe_down confidence=0.650
[14:58:17.165] engine_frames: frames_seen=500 protocol=dual-tof
[14:58:17.252] engine_wait: dual bytes=182939 reads=11624 frames=517 tof1=517 tof2=0 single=517 text=517/1036 prox=518 hand=0 bad=0 csum_err=0 drop_bytes=0 serial_err=0 last=apds: #PROX proximity=1023 hand=True
[14:58:17.713] gesture_macro: active_app='Global' macro='cmd+shift+3'
[14:58:17.857] macro_run: gesture=swipe_down macro='cmd+shift+3' result='screenshot:/Users/pc3/Desktop/GesturePuck-Screenshot-20260513-145817.png'
[14:58:19.253] engine_wait: dual bytes=195393 reads=12441 frames=552 tof1=552 tof2=0 single=552 text=552/1106 prox=553 hand=0 bad=0 csum_err=0 drop_bytes=0 serial_err=0 last=apds: #PROX proximity=1023 hand=True
[14:58:21.262] engine_wait: dual bytes=207945 reads=13258 frames=588 tof1=588 tof2=0 single=588 text=588/1178 prox=589 hand=0 bad=0 csum_err=0 drop_bytes=0 serial_err=0 last=apds: #PROX proximity=1023 hand=True
[14:58:22.864] engine_frames: frames_seen=600 protocol=dual-tof
[14:58:23.269] engine_wait: dual bytes=220335 reads=14071 frames=623 tof1=623 tof2=0 single=623 text=623/1248 prox=624 hand=0 bad=0 csum_err=0 drop_bytes=0 serial_err=0 last=apds: #PROX proximity=1023 hand=True
[14:58:25.273] engine_wait: dual bytes=232725 reads=14906 frames=658 tof1=658 tof2=0 single=658 text=658/1318 prox=659 hand=0 bad=0 csum_err=0 drop_bytes=0 serial_err=0 last=apds: #PROX proximity=1023 hand=True
[14:58:27.285] engine_wait: dual bytes=245339 reads=15735 frames=693 tof1=693 tof2=0 single=693 text=693/1388 prox=694 hand=0 bad=0 csum_err=0 drop_bytes=0 serial_err=0 last=apds: #PROX proximity=1023 hand=True
[14:58:28.539] engine_frames: frames_seen=700 protocol=dual-tof
[14:58:29.295] engine_wait: dual bytes=257859 reads=16562 frames=729 tof1=729 tof2=0 single=729 text=729/1460 prox=730 hand=0 bad=0 csum_err=0 drop_bytes=0 serial_err=0 last=apds: #PROX proximity=1023 hand=True
[14:58:31.306] engine_wait: dual bytes=270891 reads=17437 frames=765 tof1=765 tof2=0 single=765 text=765/1532 prox=766 hand=0 bad=0 csum_err=0 drop_bytes=0 serial_err=0 last=apds: #PROX proximity=1023 hand=True
[14:58:33.318] engine_wait: dual bytes=284763 reads=18377 frames=805 tof1=805 tof2=0 single=805 text=805/1612 prox=806 hand=0 bad=0 csum_err=0 drop_bytes=0 serial_err=0 last=apds: #PROX proximity=1023 hand=True
[14:58:33.886] engine_frames: frames_seen=800 protocol=dual-tof
[14:58:35.327] engine_wait: dual bytes=298137 reads=19272 frames=842 tof1=842 tof2=0 single=842 text=842/1686 prox=843 hand=0 bad=0 csum_err=0 drop_bytes=0 serial_err=0 last=apds: #PROX proximity=1023 hand=True
[14:58:37.327] engine_wait: dual bytes=310588 reads=20098 frames=878 tof1=878 tof2=0 single=878 text=878/1758 prox=879 hand=0 bad=0 csum_err=0 drop_bytes=0 serial_err=0 last=apds: #PROX proximity=1023 hand=True
[14:58:39.041] engine_gesture: name=push confidence=0.883 details=dx=+0.00 dy=+0.11 dz=-252mm fdx=+0.16 fdy=+0.04 dt=0.17s speed=0.63cells/s vz=-1476mm/s lin=1.00 q=0.44; reason=motion_idle; peak_hold
[14:58:39.050] gesture: name=push confidence=0.883
[14:58:39.264] gesture_macro: active_app='Global' macro=None
[14:58:39.264] macro_missing: gesture=push active_app='Global'
[14:58:39.334] engine_wait: dual bytes=322885 reads=20884 frames=913 tof1=913 tof2=0 single=913 text=913/1828 prox=914 hand=0 bad=0 csum_err=0 drop_bytes=0 serial_err=0 last=apds: #PROX proximity=1023 hand=True
[14:58:39.497] engine_frames: frames_seen=900 protocol=dual-tof
[14:58:41.343] engine_wait: dual bytes=335168 reads=21655 frames=948 tof1=948 tof2=0 single=948 text=948/1898 prox=949 hand=0 bad=0 csum_err=0 drop_bytes=0 serial_err=0 last=apds: #PROX proximity=1023 hand=True
[14:58:42.637] engine_gesture: name=swipe_up confidence=0.922 details=dx=-0.41 dy=-1.62 dz=+295mm fdx=-0.19 fdy=-0.24 dt=0.17s speed=9.70cells/s vz=+2213mm/s lin=0.96 q=0.65; reason=exit
[14:58:42.682] gesture: name=swipe_up confidence=0.922
[14:58:43.352] engine_wait: dual bytes=347673 reads=22472 frames=983 tof1=983 tof2=0 single=983 text=983/1968 prox=984 hand=0 bad=0 csum_err=0 drop_bytes=0 serial_err=0 last=apds: #PROX proximity=1023 hand=True
[14:58:44.366] gesture_macro: active_app='Global' macro='cmd+shift+3'
[14:58:44.511] macro_run: gesture=swipe_up macro='cmd+shift+3' result='screenshot:/Users/pc3/Desktop/GesturePuck-Screenshot-20260513-145844.png'
[14:58:45.194] engine_frames: frames_seen=1000 protocol=dual-tof
[14:58:45.361] engine_wait: dual bytes=360223 reads=23291 frames=1018 tof1=1018 tof2=0 single=1018 text=1018/2038 prox=1019 hand=0 bad=0 csum_err=0 drop_bytes=0 serial_err=0 last=apds: #PROX proximity=1023 hand=True
[14:58:47.362] engine_wait: dual bytes=372579 reads=24095 frames=1054 tof1=1054 tof2=0 single=1054 text=1054/2110 prox=1055 hand=0 bad=0 csum_err=0 drop_bytes=0 serial_err=0 last=apds: #PROX proximity=1023 hand=True
[14:58:47.422] engine_gesture: name=swipe_up confidence=1.000 details=dx=-0.04 dy=-4.28 dz=+37mm fdx=+0.85 fdy=-0.75 dt=0.17s speed=24.63cells/s vz=+108mm/s lin=0.99 q=0.87; reason=exit
[14:58:47.467] gesture: name=swipe_up confidence=1.000
[14:58:49.150] gesture_macro: active_app='Global' macro='cmd+shift+3'
[14:58:49.295] macro_run: gesture=swipe_up macro='cmd+shift+3' result='screenshot:/Users/pc3/Desktop/GesturePuck-Screenshot-20260513-145849.png'
[14:58:49.369] engine_wait: dual bytes=384959 reads=24902 frames=1089 tof1=1089 tof2=0 single=1089 text=1089/2180 prox=1090 hand=0 bad=0 csum_err=0 drop_bytes=0 serial_err=0 last=apds: #PROX proximity=1023 hand=True
[14:58:50.903] engine_frames: frames_seen=1100 protocol=dual-tof
[14:58:51.375] engine_wait: dual bytes=397300 reads=25706 frames=1124 tof1=1124 tof2=0 single=1124 text=1124/2250 prox=1125 hand=0 bad=0 csum_err=0 drop_bytes=0 serial_err=0 last=apds: #PROX proximity=1023 hand=True
[14:58:53.384] engine_wait: dual bytes=409814 reads=26519 frames=1159 tof1=1159 tof2=0 single=1159 text=1159/2320 prox=1160 hand=0 bad=0 csum_err=0 drop_bytes=0 serial_err=0 last=apds: #PROX proximity=1023 hand=True
[14:58:55.394] engine_wait: dual bytes=422327 reads=27331 frames=1194 tof1=1194 tof2=0 single=1194 text=1194/2390 prox=1195 hand=0 bad=0 csum_err=0 drop_bytes=0 serial_err=0 last=apds: #PROX proximity=1023 hand=True
[14:58:55.742] engine_gesture: name=swipe_up confidence=1.000 details=dx=+1.06 dy=-4.67 dz=+235mm fdx=+0.29 fdy=-2.99 dt=0.23s speed=20.73cells/s vz=+551mm/s lin=0.98 q=0.78; reason=exit
[14:58:55.746] gesture: name=swipe_up confidence=1.000
[14:58:56.594] engine_frames: frames_seen=1200 protocol=dual-tof
[14:58:57.396] engine_wait: dual bytes=434741 reads=28131 frames=1230 tof1=1230 tof2=0 single=1230 text=1230/2462 prox=1231 hand=0 bad=0 csum_err=0 drop_bytes=0 serial_err=0 last=apds: #PROX proximity=1023 hand=True
[14:58:57.422] gesture_macro: active_app='Global' macro='cmd+shift+3'
[14:58:57.572] macro_run: gesture=swipe_up macro='cmd+shift+3' result='screenshot:/Users/pc3/Desktop/GesturePuck-Screenshot-20260513-145857.png'
[14:58:57.999] engine_gesture: name=push confidence=0.825 details=dx=+0.00 dy=+0.10 dz=-239mm fdx=+0.12 fdy=+0.10 dt=0.16s speed=0.62cells/s vz=-1489mm/s lin=1.00 q=0.46; reason=motion_window; peak_hold
[14:58:58.007] gesture: name=push confidence=0.825
[14:58:59.406] engine_wait: dual bytes=447246 reads=28957 frames=1267 tof1=1267 tof2=0 single=1267 text=1267/2536 prox=1268 hand=0 bad=0 csum_err=0 drop_bytes=0 serial_err=0 last=apds: #PROX proximity=1023 hand=True
[14:58:59.688] gesture_macro: active_app='Global' macro=None
[14:58:59.688] macro_missing: gesture=push active_app='Global'
[14:58:59.994] engine_gesture: name=swipe_right confidence=0.845 details=dx=+0.91 dy=+0.03 dz=+16mm fdx=+1.72 fdy=+0.43 dt=0.26s speed=3.51cells/s vz=+87mm/s lin=0.89 q=0.94; reason=motion_window; peak_hold
[14:58:59.996] gesture: name=swipe_right confidence=0.845
[14:59:01.407] engine_wait: dual bytes=460702 reads=29846 frames=1305 tof1=1305 tof2=0 single=1305 text=1305/2612 prox=1306 hand=0 bad=0 csum_err=0 drop_bytes=0 serial_err=0 last=apds: #PROX proximity=1023 hand=True
[14:59:01.673] gesture_macro: active_app='Global' macro='cmd+shift+3'
[14:59:01.817] macro_run: gesture=swipe_right macro='cmd+shift+3' result='screenshot:/Users/pc3/Desktop/GesturePuck-Screenshot-20260513-145901.png'
[14:59:01.952] engine_frames: frames_seen=1300 protocol=dual-tof
[14:59:03.415] engine_wait: dual bytes=473628 reads=30680 frames=1342 tof1=1342 tof2=0 single=1342 text=1342/2686 prox=1343 hand=0 bad=0 csum_err=0 drop_bytes=0 serial_err=0 last=apds: #PROX proximity=1023 hand=True
[14:59:05.419] engine_wait: dual bytes=486040 reads=31462 frames=1377 tof1=1377 tof2=0 single=1377 text=1377/2756 prox=1378 hand=0 bad=0 csum_err=0 drop_bytes=0 serial_err=0 last=apds: #PROX proximity=1023 hand=True
[14:59:05.608] engine_gesture: name=swipe_up confidence=0.610 details=dx=-0.41 dy=+4.42 dz=+318mm fdx=-1.20 fdy=-1.20 dt=0.40s speed=11.13cells/s vz=+908mm/s lin=0.64 q=0.45; reason=exit
[14:59:05.654] gesture: name=swipe_up confidence=0.610
[14:59:07.326] gesture_macro: active_app='Global' macro='cmd+shift+3'
[14:59:07.428] engine_wait: dual bytes=498547 reads=32261 frames=1413 tof1=1413 tof2=0 single=1413 text=1413/2828 prox=1414 hand=0 bad=0 csum_err=0 drop_bytes=0 serial_err=0 last=apds: #PROX proximity=1023 hand=True
[14:59:07.466] macro_run: gesture=swipe_up macro='cmd+shift+3' result='screenshot:/Users/pc3/Desktop/GesturePuck-Screenshot-20260513-145907.png'
[14:59:07.601] engine_frames: frames_seen=1400 protocol=dual-tof
[14:59:08.700] recalibrate_click: engine_present=True
[14:59:08.700] engine_status: RECALIBRATED
[14:59:08.700] engine_status: RECALIBRATED
[14:59:08.700] engine_recalibrate: state reset; background calibration disabled
[14:59:09.432] engine_wait: dual bytes=510911 reads=33059 frames=1448 tof1=1448 tof2=0 single=1448 text=1448/2898 prox=1449 hand=0 bad=0 csum_err=0 drop_bytes=0 serial_err=0 last=apds: #PROX proximity=1023 hand=True
[14:59:11.162] recalibrate_click: engine_present=True
[14:59:11.162] engine_status: RECALIBRATED
[14:59:11.162] engine_status: RECALIBRATED
[14:59:11.162] engine_recalibrate: state reset; background calibration disabled
[14:59:11.437] engine_wait: dual bytes=523301 reads=33870 frames=1483 tof1=1483 tof2=0 single=1483 text=1483/2968 prox=1484 hand=0 bad=0 csum_err=0 drop_bytes=0 serial_err=0 last=apds: #PROX proximity=1023 hand=True
[14:59:13.154] app_close: closing GesturePuck UI
[14:59:13.155] engine_stop: stopping
[14:59:13.158] engine_stop: stopped
