[14:53:44.577] log_open: /Users/pc3/Documents/PlatformIO/Projects/gesturepuck/GesturePuck/App/logs/tkinter_ui_20260513_145344.log
[14:53:44.577] startup: args={'port': '/dev/cu.usbserial-0001', 'baud': 115200, 'auto_connect': True, 'demo': False, 'serial_debug': True, 'serial_debug_bytes': False, 'ui_log': 'auto', 'serial_debug_log': 'auto'}
[14:53:44.635] permissions_check: checking macOS Accessibility
[14:53:44.756] permissions_check: returncode=0 stderr=''
[14:53:44.757] app_init: default_port='/dev/cu.usbserial-0001' auto_connect=True demo=False baud=115200
[14:53:44.758] recorder_listener: starting pynput keyboard listener
[14:53:44.758] recorder_listener: started running=True
[14:53:44.763] nav: show_page=Global
[14:53:44.764] render: page=Global mappings=5
[14:53:44.935] connect_click: port='/dev/cu.usbserial-0001'
[14:53:44.936] connect: generation=1 demo=False port='/dev/cu.usbserial-0001' baud=115200 serial_debug=True serial_debug_log='auto'
[14:53:44.936] status: NOT CONNECTED -> CONNECTING…
[14:53:44.936] connect_thread: generation=1 constructing GestureEngine
[14:53:44.936] engine_init: demo=False dual=True port='/dev/cu.usbserial-0001' baud=115200 calibration_frames=0
[14:53:44.937] engine_status: OPENING SERIAL /dev/cu.usbserial-0001
[14:53:44.937] engine_status: OPENING SERIAL /dev/cu.usbserial-0001
[14:53:44.937] engine_source: opening DualSensorSerialFrameSource port='/dev/cu.usbserial-0001' baud=115200
[14:53:44.942] engine_source: dual serial source opened
[14:53:44.942] connect_thread: generation=1 starting engine
[14:53:44.942] engine_start: starting source and processing thread
[14:53:44.991] status: CONNECTING… -> OPENING SERIAL /dev/cu.usbserial-0001
[14:53:45.948] engine_status: WAITING FOR FRAMES
[14:53:45.948] engine_start: started
[14:53:45.948] engine_status: WAITING FOR FRAMES
[14:53:45.949] connect_thread: generation=1 engine.start returned
[14:53:45.949] engine_status: RECEIVING FRAMES
[14:53:45.949] engine_status: RECEIVING FRAMES
[14:53:45.951] engine_wait: dual bytes=2040 reads=2 frames=2 tof1=2 tof2=0 single=2 text=2/5 prox=2 hand=0 bad=0 csum_err=0 drop_bytes=0 serial_err=0 last=apds: #PROX proximity=1023 hand=True
[14:53:45.992] status: OPENING SERIAL /dev/cu.usbserial-0001 -> WAITING FOR FRAMES
[14:53:45.993] status: WAITING FOR FRAMES -> RECEIVING FRAMES
[14:53:47.963] engine_wait: dual bytes=19004 reads=847 frames=53 tof1=53 tof2=0 single=53 text=53/106 prox=53 hand=0 bad=0 csum_err=0 drop_bytes=0 serial_err=0 last=apds: #PROX proximity=1023 hand=True
[14:53:49.974] engine_wait: dual bytes=32376 reads=1733 frames=91 tof1=91 tof2=0 single=91 text=91/182 prox=91 hand=0 bad=0 csum_err=0 drop_bytes=0 serial_err=0 last=apds: #PROX proximity=1023 hand=True
[14:53:51.135] engine_frames: frames_seen=100 protocol=dual-tof
[14:53:51.986] engine_wait: dual bytes=46228 reads=2669 frames=131 tof1=131 tof2=0 single=131 text=131/262 prox=131 hand=0 bad=0 csum_err=0 drop_bytes=0 serial_err=0 last=apds: #PROX proximity=1023 hand=True
[14:53:52.942] connect_watchdog: generation=1 frames_seen=133 status='RECEIVING FRAMES' dual bytes=52406 reads=3078 frames=148 tof1=148 tof2=0 single=148 text=148/296 prox=148 hand=0 bad=0 csum_err=0 drop_bytes=0 serial_err=0 last=apds: #PROX proximity=1023 hand=True
[14:53:53.998] engine_wait: dual bytes=58970 reads=3506 frames=167 tof1=167 tof2=0 single=167 text=167/334 prox=167 hand=0 bad=0 csum_err=0 drop_bytes=0 serial_err=0 last=apds: #PROX proximity=1023 hand=True
[14:53:55.062] engine_gesture: name=swipe_up confidence=0.853 details=dx=+0.79 dy=-4.44 dz=+365mm fdx=-1.27 fdy=-1.69 dt=0.34s speed=13.16cells/s vz=+1254mm/s lin=0.83 q=0.73; reason=exit
[14:53:55.112] gesture: name=swipe_up confidence=0.853
[14:53:56.006] engine_wait: dual bytes=71349 reads=4309 frames=202 tof1=202 tof2=0 single=202 text=202/404 prox=202 hand=0 bad=0 csum_err=0 drop_bytes=0 serial_err=0 last=apds: #PROX proximity=1023 hand=True
[14:53:56.720] engine_frames: frames_seen=200 protocol=dual-tof
[14:53:56.786] gesture_macro: active_app='Global' macro='cmd+shift+3'
[14:53:56.855] macro_error: CalledProcessError: Command '['screencapture', '-x', '/Users/pc3/Desktop/GesturePuck-Screenshot-20260513-145356.png']' returned non-zero exit status 1.
Traceback (most recent call last):
  File "/Users/pc3/Documents/PlatformIO/Projects/gesturepuck/GesturePuck/App/ui/tkinter_ui.py", line 865, in _handle_gesture
    result = macro_runner.run_macro(macro)
             ^^^^^^^^^^^^^^^^^^^^^^^^^^^^^
  File "/Users/pc3/Documents/PlatformIO/Projects/gesturepuck/GesturePuck/App/engine/macro_runner.py", line 87, in run_macro
    return _mac_screenshot()
           ^^^^^^^^^^^^^^^^^
  File "/Users/pc3/Documents/PlatformIO/Projects/gesturepuck/GesturePuck/App/engine/macro_runner.py", line 63, in _mac_screenshot
    subprocess.run(["screencapture", "-x", str(dest)], check=True)
  File "/Users/pc3/.local/share/uv/python/cpython-3.12.13-macos-aarch64-none/lib/python3.12/subprocess.py", line 571, in run
    raise CalledProcessError(retcode, process.args,
subprocess.CalledProcessError: Command '['screencapture', '-x', '/Users/pc3/Desktop/GesturePuck-Screenshot-20260513-145356.png']' returned non-zero exit status 1.

[14:53:56.855] status: RECEIVING FRAMES -> MACRO ERROR
[14:53:58.013] engine_wait: dual bytes=83899 reads=5136 frames=237 tof1=237 tof2=0 single=237 text=237/474 prox=237 hand=0 bad=0 csum_err=0 drop_bytes=0 serial_err=0 last=apds: #PROX proximity=1023 hand=True
[14:54:00.021] engine_wait: dual bytes=96419 reads=5959 frames=273 tof1=273 tof2=0 single=273 text=273/546 prox=273 hand=0 bad=0 csum_err=0 drop_bytes=0 serial_err=0 last=apds: #PROX proximity=1023 hand=True
[14:54:02.024] engine_wait: dual bytes=108809 reads=6775 frames=308 tof1=308 tof2=0 single=308 text=308/616 prox=308 hand=0 bad=0 csum_err=0 drop_bytes=0 serial_err=0 last=apds: #PROX proximity=1023 hand=True
[14:54:02.425] engine_frames: frames_seen=300 protocol=dual-tof
[14:54:04.025] engine_wait: dual bytes=121199 reads=7586 frames=343 tof1=343 tof2=0 single=343 text=343/686 prox=343 hand=0 bad=0 csum_err=0 drop_bytes=0 serial_err=0 last=apds: #PROX proximity=1023 hand=True
