[14:41:06.187] log_open: /Users/pc3/Documents/PlatformIO/Projects/gesturepuck/GesturePuck/App/logs/tkinter_ui_20260513_144106.log
[14:41:06.187] startup: args={'port': '/dev/cu.usbserial-0001', 'baud': 115200, 'auto_connect': True, 'demo': False, 'serial_debug': True, 'serial_debug_bytes': False, 'ui_log': 'auto', 'serial_debug_log': 'auto'}
[14:41:06.245] permissions_check: checking macOS Accessibility
[14:41:06.366] permissions_check: returncode=0 stderr=''
[14:41:06.366] app_init: default_port='/dev/cu.usbserial-0001' auto_connect=True demo=False baud=115200
[14:41:06.367] recorder_listener: starting pynput keyboard listener
[14:41:06.367] recorder_listener: started running=True
[14:41:06.372] nav: show_page=Global
[14:41:06.373] render: page=Global mappings=1
[14:41:06.539] connect_click: port='/dev/cu.usbserial-0001'
[14:41:06.539] connect: generation=1 demo=False port='/dev/cu.usbserial-0001' baud=115200 serial_debug=True serial_debug_log='auto'
[14:41:06.539] status: NOT CONNECTED -> CONNECTING…
[14:41:06.539] connect_thread: generation=1 constructing GestureEngine
[14:41:06.540] engine_init: demo=False dual=True port='/dev/cu.usbserial-0001' baud=115200 calibration_frames=0
[14:41:06.540] engine_status: OPENING SERIAL /dev/cu.usbserial-0001
[14:41:06.540] engine_status: OPENING SERIAL /dev/cu.usbserial-0001
[14:41:06.540] engine_source: opening DualSensorSerialFrameSource port='/dev/cu.usbserial-0001' baud=115200
[14:41:06.546] engine_source: dual serial source opened
[14:41:06.546] connect_thread: generation=1 starting engine
[14:41:06.546] engine_start: starting source and processing thread
[14:41:06.595] status: CONNECTING… -> OPENING SERIAL /dev/cu.usbserial-0001
[14:41:07.551] engine_status: WAITING FOR FRAMES
[14:41:07.551] engine_start: started
[14:41:07.552] engine_status: WAITING FOR FRAMES
[14:41:07.552] connect_thread: generation=1 engine.start returned
[14:41:07.552] engine_wait: dual bytes=1020 reads=1 frames=0 tof1=0 tof2=0 single=0 text=0/2 prox=0 hand=0 bad=0 csum_err=0 drop_bytes=0 serial_err=0 last=text: unrecognized line outside a ToF table: ')j'
[14:41:07.565] engine_status: RECEIVING FRAMES
[14:41:07.565] engine_status: RECEIVING FRAMES
[14:41:07.598] status: OPENING SERIAL /dev/cu.usbserial-0001 -> WAITING FOR FRAMES
[14:41:07.598] status: WAITING FOR FRAMES -> RECEIVING FRAMES
[14:41:09.559] engine_wait: dual bytes=17620 reads=687 frames=48 tof1=48 tof2=0 single=48 text=48/474 prox=54 hand=0 bad=0 csum_err=0 drop_bytes=0 serial_err=0 last=apds: #PROX proximity=1023 hand=True
[14:41:11.563] engine_wait: dual bytes=30298 reads=1517 frames=85 tof1=85 tof2=0 single=85 text=85/548 prox=91 hand=0 bad=0 csum_err=0 drop_bytes=0 serial_err=0 last=apds: #PROX proximity=1023 hand=True
[14:41:12.640] engine_gesture: name=swipe_down confidence=0.585
[14:41:12.661] gesture: name=swipe_down confidence=0.585
[14:41:13.133] engine_frames: frames_seen=100 protocol=dual-tof
[14:41:13.570] engine_wait: dual bytes=43264 reads=2389 frames=124 tof1=124 tof2=0 single=124 text=124/626 prox=130 hand=0 bad=0 csum_err=0 drop_bytes=0 serial_err=0 last=apds: #PROX proximity=1023 hand=True
[14:41:14.349] gesture_macro: active_app='Global' macro=None
[14:41:14.443] engine_gesture: name=swipe_down confidence=0.580
[14:41:14.465] gesture: name=swipe_down confidence=0.580
[14:41:15.571] engine_wait: dual bytes=55548 reads=3172 frames=159 tof1=159 tof2=0 single=159 text=159/696 prox=165 hand=0 bad=0 csum_err=0 drop_bytes=0 serial_err=0 last=apds: #PROX proximity=1023 hand=True
[14:41:16.114] gesture_macro: active_app='Global' macro=None
[14:41:16.118] connect_watchdog: generation=1 frames_seen=153 status='RECEIVING FRAMES' dual bytes=58673 reads=3372 frames=169 tof1=169 tof2=0 single=169 text=169/716 prox=175 hand=0 bad=0 csum_err=0 drop_bytes=0 serial_err=0 last=apds: #PROX proximity=1023 hand=True
[14:41:17.067] engine_gesture: name=swipe_up confidence=1.000
[14:41:17.069] gesture: name=swipe_up confidence=1.000
[14:41:17.581] engine_wait: dual bytes=67373 reads=3926 frames=195 tof1=195 tof2=0 single=195 text=195/768 prox=201 hand=0 bad=0 csum_err=0 drop_bytes=0 serial_err=0 last=apds: #PROX proximity=1023 hand=True
[14:41:18.397] engine_gesture: name=swipe_down confidence=1.000
[14:41:18.726] engine_frames: frames_seen=200 protocol=dual-tof
[14:41:18.746] gesture_macro: active_app='Global' macro=None
[14:41:18.746] gesture: name=swipe_down confidence=1.000
[14:41:19.581] engine_wait: dual bytes=79312 reads=4686 frames=231 tof1=231 tof2=0 single=231 text=231/840 prox=237 hand=0 bad=0 csum_err=0 drop_bytes=0 serial_err=0 last=apds: #PROX proximity=1023 hand=True
[14:41:20.143] engine_gesture: name=swipe_down confidence=1.000
[14:41:20.415] gesture_macro: active_app='Global' macro=None
[14:41:20.415] gesture: name=swipe_down confidence=1.000
[14:41:21.592] engine_wait: dual bytes=91535 reads=5451 frames=266 tof1=266 tof2=0 single=266 text=266/910 prox=272 hand=0 bad=0 csum_err=0 drop_bytes=0 serial_err=0 last=apds: #PROX proximity=1023 hand=True
[14:41:22.085] gesture_macro: active_app='Global' macro=None
[14:41:23.596] engine_wait: dual bytes=103781 reads=6225 frames=301 tof1=301 tof2=0 single=301 text=301/980 prox=307 hand=0 bad=0 csum_err=0 drop_bytes=0 serial_err=0 last=apds: #PROX proximity=1023 hand=True
[14:41:24.420] engine_frames: frames_seen=300 protocol=dual-tof
[14:41:25.609] engine_wait: dual bytes=116257 reads=7007 frames=337 tof1=337 tof2=0 single=337 text=337/1052 prox=343 hand=0 bad=0 csum_err=0 drop_bytes=0 serial_err=0 last=apds: #PROX proximity=1023 hand=True
[14:41:27.609] engine_wait: dual bytes=125497 reads=7599 frames=363 tof1=363 tof2=0 single=363 text=363/1114 prox=379 hand=0 bad=0 csum_err=0 drop_bytes=0 serial_err=0 last=apds: #PROX proximity=528 hand=True
[14:41:29.614] engine_wait: dual bytes=137864 reads=8377 frames=398 tof1=398 tof2=0 single=398 text=398/1184 prox=414 hand=0 bad=0 csum_err=0 drop_bytes=0 serial_err=0 last=apds: #PROX proximity=1023 hand=True
[14:41:30.596] engine_frames: frames_seen=400 protocol=dual-tof
[14:41:31.616] engine_wait: dual bytes=149518 reads=9121 frames=434 tof1=434 tof2=0 single=434 text=434/1256 prox=450 hand=0 bad=0 csum_err=0 drop_bytes=0 serial_err=0 last=apds: #PROX proximity=1023 hand=True
[14:41:31.719] engine_gesture: name=swipe_up confidence=0.630
[14:41:31.725] gesture: name=swipe_up confidence=0.630
[14:41:33.398] gesture_macro: active_app='Global' macro=None
[14:41:33.628] engine_wait: dual bytes=161839 reads=9895 frames=469 tof1=469 tof2=0 single=469 text=469/1326 prox=485 hand=0 bad=0 csum_err=0 drop_bytes=0 serial_err=0 last=apds: #PROX proximity=1023 hand=True
[14:41:35.640] engine_wait: dual bytes=174315 reads=10677 frames=505 tof1=505 tof2=0 single=505 text=505/1398 prox=521 hand=0 bad=0 csum_err=0 drop_bytes=0 serial_err=0 last=apds: #PROX proximity=1023 hand=True
[14:41:36.259] engine_frames: frames_seen=500 protocol=dual-tof
[14:41:37.641] engine_wait: dual bytes=186632 reads=11455 frames=540 tof1=540 tof2=0 single=540 text=540/1468 prox=556 hand=0 bad=0 csum_err=0 drop_bytes=0 serial_err=0 last=apds: #PROX proximity=1023 hand=True
[14:41:39.653] engine_wait: dual bytes=199573 reads=12281 frames=577 tof1=577 tof2=0 single=577 text=577/1541 prox=592 hand=0 bad=0 csum_err=0 drop_bytes=0 serial_err=0 last=emit: single-sensor dual packet #577 primary=ToF#1 seq=619 proximity=1023 hand=True
[14:41:41.617] engine_frames: frames_seen=600 protocol=dual-tof
[14:41:41.655] engine_wait: dual bytes=213595 reads=13237 frames=616 tof1=616 tof2=0 single=616 text=616/1620 prox=632 hand=0 bad=0 csum_err=0 drop_bytes=0 serial_err=0 last=apds: #PROX proximity=1023 hand=True
[14:41:43.662] engine_wait: dual bytes=226613 reads=14091 frames=654 tof1=654 tof2=0 single=654 text=654/1696 prox=670 hand=0 bad=0 csum_err=0 drop_bytes=0 serial_err=0 last=apds: #PROX proximity=1023 hand=True
[14:41:45.665] engine_wait: dual bytes=239053 reads=14875 frames=689 tof1=689 tof2=0 single=689 text=689/1766 prox=705 hand=0 bad=0 csum_err=0 drop_bytes=0 serial_err=0 last=apds: #PROX proximity=1023 hand=True
[14:41:46.245] engine_gesture: name=swipe_up confidence=1.000
[14:41:46.281] gesture: name=swipe_up confidence=1.000
[14:41:47.155] engine_frames: frames_seen=700 protocol=dual-tof
[14:41:47.676] engine_wait: dual bytes=251420 reads=15652 frames=725 tof1=725 tof2=0 single=725 text=725/1838 prox=741 hand=0 bad=0 csum_err=0 drop_bytes=0 serial_err=0 last=apds: #PROX proximity=1023 hand=True
[14:41:47.951] gesture_macro: active_app='Global' macro=None
[14:41:49.684] engine_wait: dual bytes=261945 reads=16314 frames=754 tof1=754 tof2=0 single=754 text=754/1906 prox=770 hand=0 bad=1 csum_err=0 drop_bytes=0 serial_err=0 last=text: unrecognized line outside a ToF table: 'entry 0x400805e4'
[14:41:51.181] app_close: closing GesturePuck UI
[14:41:51.182] engine_stop: stopping
[14:41:51.232] engine_stop: stopped
