[14:48:53.156] log_open: /Users/pc3/Documents/PlatformIO/Projects/gesturepuck/GesturePuck/App/logs/tkinter_ui_20260513_144853.log
[14:48:53.156] startup: args={'port': '/dev/cu.usbserial-0001', 'baud': 115200, 'auto_connect': True, 'demo': False, 'serial_debug': True, 'serial_debug_bytes': False, 'ui_log': 'auto', 'serial_debug_log': 'auto'}
[14:48:53.248] permissions_check: checking macOS Accessibility
[14:48:53.381] permissions_check: returncode=0 stderr=''
[14:48:53.382] app_init: default_port='/dev/cu.usbserial-0001' auto_connect=True demo=False baud=115200
[14:48:53.383] recorder_listener: starting pynput keyboard listener
[14:48:53.383] recorder_listener: started running=True
[14:48:53.389] nav: show_page=Global
[14:48:53.389] render: page=Global mappings=5
[14:48:53.562] connect_click: port='/dev/cu.usbserial-0001'
[14:48:53.562] connect: generation=1 demo=False port='/dev/cu.usbserial-0001' baud=115200 serial_debug=True serial_debug_log='auto'
[14:48:53.562] status: NOT CONNECTED -> CONNECTING…
[14:48:53.562] connect_thread: generation=1 constructing GestureEngine
[14:48:53.562] engine_init: demo=False dual=True port='/dev/cu.usbserial-0001' baud=115200 calibration_frames=0
[14:48:53.563] engine_status: OPENING SERIAL /dev/cu.usbserial-0001
[14:48:53.563] engine_status: OPENING SERIAL /dev/cu.usbserial-0001
[14:48:53.563] engine_source: opening DualSensorSerialFrameSource port='/dev/cu.usbserial-0001' baud=115200
[14:48:53.569] engine_source: dual serial source opened
[14:48:53.569] connect_thread: generation=1 starting engine
[14:48:53.569] engine_start: starting source and processing thread
[14:48:53.617] status: CONNECTING… -> OPENING SERIAL /dev/cu.usbserial-0001
[14:48:54.574] engine_status: WAITING FOR FRAMES
[14:48:54.574] engine_start: started
[14:48:54.575] engine_status: WAITING FOR FRAMES
[14:48:54.575] connect_thread: generation=1 engine.start returned
[14:48:54.575] engine_wait: dual bytes=1020 reads=1 frames=0 tof1=0 tof2=0 single=0 text=0/2 prox=1 hand=0 bad=0 csum_err=0 drop_bytes=0 serial_err=0 last=apds: #PROX proximity=1023 hand=True
[14:48:54.588] engine_status: RECEIVING FRAMES
[14:48:54.588] engine_status: RECEIVING FRAMES
[14:48:54.619] status: OPENING SERIAL /dev/cu.usbserial-0001 -> WAITING FOR FRAMES
[14:48:54.620] status: WAITING FOR FRAMES -> RECEIVING FRAMES
[14:48:56.576] engine_wait: dual bytes=18559 reads=813 frames=52 tof1=52 tof2=0 single=52 text=52/106 prox=53 hand=0 bad=0 csum_err=0 drop_bytes=0 serial_err=0 last=apds: #PROX proximity=1023 hand=True
[14:48:56.727] recalibrate_click: engine_present=True
[14:48:56.727] engine_status: RECALIBRATED
[14:48:56.727] engine_status: RECALIBRATED
[14:48:56.727] engine_recalibrate: state reset; background calibration disabled
[14:48:56.727] status: RECEIVING FRAMES -> RECALIBRATED
[14:48:58.584] engine_wait: dual bytes=31040 reads=1624 frames=87 tof1=87 tof2=0 single=87 text=87/176 prox=88 hand=0 bad=0 csum_err=0 drop_bytes=0 serial_err=0 last=apds: #PROX proximity=1023 hand=True
[14:49:00.190] engine_frames: frames_seen=100 protocol=dual-tof
[14:49:00.592] engine_wait: dual bytes=43460 reads=2434 frames=123 tof1=123 tof2=0 single=123 text=123/248 prox=124 hand=0 bad=0 csum_err=0 drop_bytes=0 serial_err=0 last=apds: #PROX proximity=1023 hand=True
[14:49:01.578] connect_watchdog: generation=1 frames_seen=124 status='RECALIBRATED' dual bytes=49423 reads=2822 frames=140 tof1=140 tof2=0 single=140 text=140/282 prox=141 hand=0 bad=0 csum_err=0 drop_bytes=0 serial_err=0 last=apds: #PROX proximity=1023 hand=True
[14:49:02.533] engine_gesture: name=swipe_down confidence=0.653
[14:49:02.572] gesture: name=swipe_down confidence=0.653
[14:49:02.595] engine_wait: dual bytes=55733 reads=3227 frames=158 tof1=158 tof2=0 single=158 text=158/318 prox=159 hand=0 bad=0 csum_err=0 drop_bytes=0 serial_err=0 last=apds: #PROX proximity=1023 hand=True
[14:49:04.242] gesture_macro: active_app='Global' macro='right'
[14:49:04.606] engine_wait: dual bytes=68139 reads=4030 frames=193 tof1=193 tof2=0 single=193 text=193/388 prox=194 hand=0 bad=0 csum_err=0 drop_bytes=0 serial_err=0 last=apds: #PROX proximity=1023 hand=True
[14:49:05.019] engine_gesture: name=swipe_down confidence=0.931
[14:49:05.061] gesture: name=swipe_down confidence=0.931
[14:49:05.841] engine_frames: frames_seen=200 protocol=dual-tof
[14:49:06.612] engine_wait: dual bytes=81012 reads=4873 frames=230 tof1=230 tof2=0 single=230 text=230/462 prox=231 hand=0 bad=0 csum_err=0 drop_bytes=0 serial_err=0 last=apds: #PROX proximity=1023 hand=True
[14:49:06.736] gesture_macro: active_app='Global' macro='right'
[14:49:08.620] engine_wait: dual bytes=94346 reads=5763 frames=268 tof1=268 tof2=0 single=268 text=268/538 prox=269 hand=0 bad=0 csum_err=0 drop_bytes=0 serial_err=0 last=apds: #PROX proximity=1023 hand=True
[14:49:08.658] engine_gesture: name=swipe_up confidence=0.989
[14:49:08.702] gesture: name=swipe_up confidence=0.989
[14:49:10.375] gesture_macro: active_app='Global' macro='right'
[14:49:10.625] engine_wait: dual bytes=107741 reads=6655 frames=306 tof1=306 tof2=0 single=306 text=306/614 prox=307 hand=0 bad=0 csum_err=0 drop_bytes=0 serial_err=0 last=apds: #PROX proximity=1023 hand=True
[14:49:11.182] engine_frames: frames_seen=300 protocol=dual-tof
[14:49:12.629] engine_wait: dual bytes=120096 reads=7460 frames=341 tof1=341 tof2=0 single=341 text=341/684 prox=342 hand=0 bad=0 csum_err=0 drop_bytes=0 serial_err=0 last=apds: #PROX proximity=1023 hand=True
[14:49:14.636] engine_wait: dual bytes=132547 reads=8271 frames=376 tof1=376 tof2=0 single=376 text=376/754 prox=377 hand=0 bad=0 csum_err=0 drop_bytes=0 serial_err=0 last=apds: #PROX proximity=1023 hand=True
[14:49:16.639] engine_wait: dual bytes=144946 reads=9077 frames=411 tof1=411 tof2=0 single=411 text=411/824 prox=412 hand=0 bad=0 csum_err=0 drop_bytes=0 serial_err=0 last=apds: #PROX proximity=1023 hand=True
[14:49:16.826] engine_gesture: name=swipe_up confidence=1.000
[14:49:16.877] gesture: name=swipe_up confidence=1.000
[14:49:16.899] engine_frames: frames_seen=400 protocol=dual-tof
[14:49:18.553] gesture_macro: active_app='Global' macro='right'
[14:49:18.649] engine_wait: dual bytes=157433 reads=9888 frames=447 tof1=447 tof2=0 single=447 text=447/896 prox=448 hand=0 bad=0 csum_err=0 drop_bytes=0 serial_err=0 last=apds: #PROX proximity=1023 hand=True
[14:49:20.653] engine_wait: dual bytes=169788 reads=10693 frames=482 tof1=482 tof2=0 single=482 text=482/966 prox=483 hand=0 bad=0 csum_err=0 drop_bytes=0 serial_err=0 last=apds: #PROX proximity=1023 hand=True
[14:49:22.587] engine_frames: frames_seen=500 protocol=dual-tof
[14:49:22.655] mapping_save: page=Global gesture=swipe_down label='swipe_down' macro='right'
[14:49:22.663] engine_wait: dual bytes=182143 reads=11498 frames=517 tof1=517 tof2=0 single=517 text=517/1036 prox=518 hand=0 bad=0 csum_err=0 drop_bytes=0 serial_err=0 last=apds: #PROX proximity=1023 hand=True
[14:49:23.406] mapping_save: page=Global gesture=swipe_up label='swipe_up' macro='right'
[14:49:24.074] mapping_save: page=Global gesture=swipe_right label='swipe_right' macro='right'
[14:49:24.598] mapping_save: page=Global gesture=swipe_left label='swipe_left' macro='right'
[14:49:24.670] engine_wait: dual bytes=194594 reads=12309 frames=552 tof1=552 tof2=0 single=552 text=552/1106 prox=553 hand=0 bad=0 csum_err=0 drop_bytes=0 serial_err=0 last=apds: #PROX proximity=1023 hand=True
[14:49:26.670] engine_wait: dual bytes=206891 reads=13107 frames=587 tof1=587 tof2=0 single=587 text=587/1176 prox=588 hand=0 bad=0 csum_err=0 drop_bytes=0 serial_err=0 last=apds: #PROX proximity=1023 hand=True
[14:49:28.287] engine_frames: frames_seen=600 protocol=dual-tof
[14:49:28.288] engine_gesture: name=swipe_left confidence=1.000
[14:49:28.304] gesture: name=swipe_left confidence=1.000
[14:49:28.679] engine_wait: dual bytes=219350 reads=13900 frames=622 tof1=622 tof2=0 single=622 text=622/1246 prox=623 hand=0 bad=0 csum_err=0 drop_bytes=0 serial_err=0 last=apds: #PROX proximity=1023 hand=True
[14:49:29.981] gesture_macro: active_app='Global' macro='right'
[14:49:30.687] engine_wait: dual bytes=231735 reads=14705 frames=658 tof1=658 tof2=0 single=658 text=658/1318 prox=659 hand=0 bad=0 csum_err=0 drop_bytes=0 serial_err=0 last=apds: #PROX proximity=1023 hand=True
[14:49:32.691] engine_wait: dual bytes=244083 reads=15496 frames=693 tof1=693 tof2=0 single=693 text=693/1388 prox=694 hand=0 bad=0 csum_err=0 drop_bytes=0 serial_err=0 last=apds: #PROX proximity=1023 hand=True
[14:49:32.692] record_start: gesture=swipe_down page=Global
[14:49:32.692] recorder_cancel: global recorder cancelled
[14:49:32.693] recorder_arm: token=1 running=True
[14:49:32.780] engine_gesture: name=push confidence=0.895
[14:49:32.803] gesture: name=push confidence=0.895
[14:49:33.586] recorder_key_press: token=1 key=cmd chord=cmd
[14:49:33.926] engine_frames: frames_seen=700 protocol=dual-tof
[14:49:34.472] gesture_macro: active_app='Global' macro=None
[14:49:34.474] record_local_key_press: token=1 key=cmd chord=cmd
[14:49:34.704] engine_wait: dual bytes=257071 reads=16333 frames=730 tof1=730 tof2=0 single=730 text=730/1462 prox=731 hand=0 bad=0 csum_err=0 drop_bytes=0 serial_err=0 last=apds: #PROX proximity=1023 hand=True
[14:49:34.898] recorder_key_press: token=1 key=shift chord=cmd+shift
[14:49:34.903] record_local_key_press: token=1 key=shift chord=cmd+shift
[14:49:35.498] recorder_key_press: token=1 key=3 chord=cmd+shift+3
[14:49:35.635] recorder_result: token=1 chord=cmd+shift+3 source=global
[14:49:35.660] recorder_cancel: global recorder cancelled
[14:49:35.660] record_result_applied: token=1 gesture=swipe_down chord='cmd+shift+3' source=global
[14:49:36.711] engine_wait: dual bytes=270761 reads=17240 frames=769 tof1=769 tof2=0 single=769 text=769/1539 prox=769 hand=0 bad=0 csum_err=0 drop_bytes=0 serial_err=0 last=emit: single-sensor dual packet #769 primary=ToF#1 seq=5778 proximity=1023 hand=True
[14:49:38.534] engine_gesture: name=pull confidence=0.580
[14:49:38.585] gesture: name=pull confidence=0.580
[14:49:38.718] engine_wait: dual bytes=284127 reads=18134 frames=807 tof1=807 tof2=0 single=807 text=807/1616 prox=808 hand=0 bad=0 csum_err=0 drop_bytes=0 serial_err=0 last=apds: #PROX proximity=1023 hand=True
[14:49:39.216] engine_frames: frames_seen=800 protocol=dual-tof
[14:49:40.259] gesture_macro: active_app='Global' macro=None
[14:49:40.725] engine_wait: dual bytes=296478 reads=18935 frames=842 tof1=842 tof2=0 single=842 text=842/1686 prox=843 hand=0 bad=0 csum_err=0 drop_bytes=0 serial_err=0 last=apds: #PROX proximity=1023 hand=True
[14:49:41.383] record_start: gesture=swipe_up page=Global
[14:49:41.383] recorder_cancel: global recorder cancelled
[14:49:41.383] recorder_arm: token=2 running=True
[14:49:41.945] recorder_key_press: token=2 key=cmd chord=cmd
[14:49:41.967] record_local_key_press: token=2 key=cmd chord=cmd
[14:49:42.161] recorder_key_press: token=2 key=shift chord=cmd+shift
[14:49:42.177] record_local_key_press: token=2 key=shift chord=cmd+shift
[14:49:42.509] recorder_key_press: token=2 key=3 chord=cmd+shift+3
[14:49:42.618] recorder_result: token=2 chord=cmd+shift+3 source=global
[14:49:42.679] recorder_cancel: global recorder cancelled
[14:49:42.680] record_result_applied: token=2 gesture=swipe_up chord='cmd+shift+3' source=global
[14:49:42.729] engine_wait: dual bytes=308929 reads=19746 frames=877 tof1=877 tof2=0 single=877 text=877/1756 prox=878 hand=0 bad=0 csum_err=0 drop_bytes=0 serial_err=0 last=apds: #PROX proximity=1023 hand=True
[14:49:44.734] engine_wait: dual bytes=321412 reads=20559 frames=912 tof1=912 tof2=0 single=912 text=912/1826 prox=913 hand=0 bad=0 csum_err=0 drop_bytes=0 serial_err=0 last=apds: #PROX proximity=1023 hand=True
[14:49:44.916] engine_frames: frames_seen=900 protocol=dual-tof
[14:49:46.745] engine_wait: dual bytes=333896 reads=21373 frames=948 tof1=948 tof2=0 single=948 text=948/1898 prox=949 hand=0 bad=0 csum_err=0 drop_bytes=0 serial_err=0 last=apds: #PROX proximity=1023 hand=True
[14:49:47.155] record_start: gesture=swipe_left page=Global
[14:49:47.155] recorder_cancel: global recorder cancelled
[14:49:47.156] recorder_arm: token=3 running=True
[14:49:47.668] recorder_key_press: token=3 key=cmd chord=cmd
[14:49:47.683] record_local_key_press: token=3 key=cmd chord=cmd
[14:49:47.888] recorder_key_press: token=3 key=shift chord=cmd+shift
[14:49:47.894] record_local_key_press: token=3 key=shift chord=cmd+shift
[14:49:48.136] recorder_key_press: token=3 key=3 chord=cmd+shift+3
[14:49:48.235] recorder_result: token=3 chord=cmd+shift+3 source=global
[14:49:48.296] recorder_cancel: global recorder cancelled
[14:49:48.296] record_result_applied: token=3 gesture=swipe_left chord='cmd+shift+3' source=global
[14:49:48.749] engine_wait: dual bytes=346251 reads=22178 frames=983 tof1=983 tof2=0 single=983 text=983/1968 prox=984 hand=0 bad=0 csum_err=0 drop_bytes=0 serial_err=0 last=apds: #PROX proximity=1023 hand=True
[14:49:49.631] record_start: gesture=swipe_right page=Global
[14:49:49.631] recorder_cancel: global recorder cancelled
[14:49:49.631] recorder_arm: token=4 running=True
[14:49:50.325] recorder_key_press: token=4 key=cmd chord=cmd
[14:49:50.333] record_local_key_press: token=4 key=cmd chord=cmd
[14:49:50.527] recorder_key_press: token=4 key=shift chord=cmd+shift
[14:49:50.543] record_local_key_press: token=4 key=shift chord=cmd+shift
[14:49:50.623] engine_frames: frames_seen=1000 protocol=dual-tof
[14:49:50.752] engine_wait: dual bytes=358606 reads=22983 frames=1018 tof1=1018 tof2=0 single=1018 text=1018/2038 prox=1019 hand=0 bad=0 csum_err=0 drop_bytes=0 serial_err=0 last=apds: #PROX proximity=1023 hand=True
[14:49:50.829] recorder_key_press: token=4 key=3 chord=cmd+shift+3
[14:49:50.940] recorder_result: token=4 chord=cmd+shift+3 source=global
[14:49:50.987] recorder_cancel: global recorder cancelled
[14:49:50.987] record_result_applied: token=4 gesture=swipe_right chord='cmd+shift+3' source=global
[14:49:52.079] mapping_save: page=Global gesture=swipe_right label='swipe_right' macro='cmd+shift+3'
[14:49:52.758] engine_wait: dual bytes=371025 reads=23792 frames=1053 tof1=1053 tof2=0 single=1053 text=1053/2108 prox=1054 hand=0 bad=0 csum_err=0 drop_bytes=0 serial_err=0 last=apds: #PROX proximity=1023 hand=True
[14:49:53.378] mapping_save: page=Global gesture=swipe_left label='swipe_left' macro='cmd+shift+3'
[14:49:54.188] mapping_save: page=Global gesture=swipe_up label='swipe_up' macro='cmd+shift+3'
[14:49:54.762] engine_wait: dual bytes=383473 reads=24602 frames=1088 tof1=1088 tof2=0 single=1088 text=1088/2178 prox=1089 hand=0 bad=0 csum_err=0 drop_bytes=0 serial_err=0 last=apds: #PROX proximity=1023 hand=True
[14:49:55.024] mapping_save: page=Global gesture=swipe_down label='swipe_down' macro='cmd+shift+3'
[14:49:56.326] engine_frames: frames_seen=1100 protocol=dual-tof
[14:49:56.765] engine_wait: dual bytes=395924 reads=25413 frames=1123 tof1=1123 tof2=0 single=1123 text=1123/2248 prox=1124 hand=0 bad=0 csum_err=0 drop_bytes=0 serial_err=0 last=apds: #PROX proximity=1023 hand=True
[14:49:58.209] engine_gesture: name=swipe_down confidence=0.990
[14:49:58.228] gesture: name=swipe_down confidence=0.990
[14:49:58.766] engine_wait: dual bytes=407765 reads=26178 frames=1159 tof1=1159 tof2=0 single=1159 text=1159/2320 prox=1160 hand=0 bad=0 csum_err=0 drop_bytes=0 serial_err=0 last=apds: #PROX proximity=1023 hand=True
[14:49:59.897] gesture_macro: active_app='Global' macro='cmd+shift+3'
[14:50:00.774] engine_wait: dual bytes=420198 reads=26987 frames=1194 tof1=1194 tof2=0 single=1194 text=1194/2390 prox=1195 hand=0 bad=0 csum_err=0 drop_bytes=0 serial_err=0 last=apds: #PROX proximity=1023 hand=True
[14:50:01.950] engine_frames: frames_seen=1200 protocol=dual-tof
[14:50:02.774] engine_wait: dual bytes=433163 reads=27842 frames=1231 tof1=1231 tof2=0 single=1231 text=1231/2464 prox=1232 hand=0 bad=0 csum_err=0 drop_bytes=0 serial_err=0 last=apds: #PROX proximity=1023 hand=True
[14:50:04.780] engine_wait: dual bytes=446551 reads=28736 frames=1269 tof1=1269 tof2=0 single=1269 text=1269/2540 prox=1270 hand=0 bad=0 csum_err=0 drop_bytes=0 serial_err=0 last=apds: #PROX proximity=1023 hand=True
[14:50:04.954] engine_gesture: name=swipe_down confidence=0.701
[14:50:05.000] gesture: name=swipe_down confidence=0.701
[14:50:06.680] gesture_macro: active_app='Global' macro='cmd+shift+3'
[14:50:06.792] engine_wait: dual bytes=459740 reads=29613 frames=1306 tof1=1306 tof2=0 single=1306 text=1306/2614 prox=1307 hand=0 bad=0 csum_err=0 drop_bytes=0 serial_err=0 last=apds: #PROX proximity=1023 hand=True
[14:50:07.316] engine_frames: frames_seen=1300 protocol=dual-tof
[14:50:08.796] engine_wait: dual bytes=472056 reads=30413 frames=1342 tof1=1342 tof2=0 single=1342 text=1342/2686 prox=1343 hand=0 bad=0 csum_err=0 drop_bytes=0 serial_err=0 last=apds: #PROX proximity=1023 hand=True
[14:50:08.959] engine_gesture: name=swipe_down confidence=0.698
[14:50:08.962] gesture: name=swipe_down confidence=0.698
[14:50:10.639] gesture_macro: active_app='Global' macro='cmd+shift+3'
[14:50:10.807] engine_wait: dual bytes=484411 reads=31218 frames=1377 tof1=1377 tof2=0 single=1377 text=1377/2756 prox=1378 hand=0 bad=0 csum_err=0 drop_bytes=0 serial_err=0 last=apds: #PROX proximity=1023 hand=True
[14:50:11.763] engine_gesture: name=swipe_up confidence=1.000
[14:50:11.787] gesture: name=swipe_up confidence=1.000
[14:50:12.818] engine_wait: dual bytes=496862 reads=32021 frames=1412 tof1=1412 tof2=0 single=1412 text=1412/2826 prox=1413 hand=0 bad=0 csum_err=0 drop_bytes=0 serial_err=0 last=apds: #PROX proximity=1023 hand=True
[14:50:13.017] engine_frames: frames_seen=1400 protocol=dual-tof
[14:50:13.461] gesture_macro: active_app='Global' macro='cmd+shift+3'
[14:50:14.828] engine_wait: dual bytes=509367 reads=32834 frames=1447 tof1=1448 tof2=0 single=1447 text=1448/2897 prox=1448 hand=0 bad=0 csum_err=0 drop_bytes=0 serial_err=0 last=tof-frame: ToF #1 csv frame parsed seq=6457 finite=64/64 min=1578 max=4000 mean=1834
[14:50:16.829] engine_wait: dual bytes=521723 reads=33640 frames=1483 tof1=1483 tof2=0 single=1483 text=1483/2968 prox=1484 hand=0 bad=0 csum_err=0 drop_bytes=0 serial_err=0 last=apds: #PROX proximity=1023 hand=True
[14:50:18.695] engine_frames: frames_seen=1500 protocol=dual-tof
[14:50:18.832] engine_wait: dual bytes=533443 reads=34406 frames=1518 tof1=1518 tof2=0 single=1518 text=1518/3038 prox=1519 hand=0 bad=0 csum_err=0 drop_bytes=0 serial_err=0 last=apds: #PROX proximity=1023 hand=True
[14:50:19.329] engine_gesture: name=swipe_left confidence=0.730
[14:50:19.331] gesture: name=swipe_left confidence=0.730
[14:50:20.836] engine_wait: dual bytes=544210 reads=35108 frames=1553 tof1=1553 tof2=0 single=1553 text=1553/3108 prox=1554 hand=0 bad=0 csum_err=0 drop_bytes=0 serial_err=0 last=apds: #PROX proximity=1023 hand=True
[14:50:21.002] gesture_macro: active_app='Global' macro='cmd+shift+3'
[14:50:22.845] engine_wait: dual bytes=555116 reads=35818 frames=1588 tof1=1588 tof2=0 single=1588 text=1588/3178 prox=1589 hand=0 bad=0 csum_err=0 drop_bytes=0 serial_err=0 last=apds: #PROX proximity=1023 hand=True
