[14:55:23.388] log_open: /Users/pc3/Documents/PlatformIO/Projects/gesturepuck/GesturePuck/App/logs/tkinter_ui_20260513_145523.log
[14:55:23.388] startup: args={'port': '/dev/cu.usbserial-0001', 'baud': 115200, 'auto_connect': True, 'demo': False, 'serial_debug': True, 'serial_debug_bytes': False, 'ui_log': 'auto', 'serial_debug_log': 'auto'}
[14:55:23.485] permissions_check: checking macOS Accessibility
[14:55:23.615] permissions_check: returncode=0 stderr=''
[14:55:23.615] app_init: default_port='/dev/cu.usbserial-0001' auto_connect=True demo=False baud=115200
[14:55:23.616] recorder_listener: starting pynput keyboard listener
[14:55:23.617] recorder_listener: started running=True
[14:55:23.626] nav: show_page=Global
[14:55:23.626] render: page=Global mappings=5
[14:55:23.801] connect_click: port='/dev/cu.usbserial-0001'
[14:55:23.801] connect: generation=1 demo=False port='/dev/cu.usbserial-0001' baud=115200 serial_debug=True serial_debug_log='auto'
[14:55:23.801] status: NOT CONNECTED -> CONNECTING…
[14:55:23.802] connect_thread: generation=1 constructing GestureEngine
[14:55:23.802] engine_init: demo=False dual=True port='/dev/cu.usbserial-0001' baud=115200 calibration_frames=0
[14:55:23.802] engine_status: OPENING SERIAL /dev/cu.usbserial-0001
[14:55:23.802] engine_status: OPENING SERIAL /dev/cu.usbserial-0001
[14:55:23.802] engine_source: opening DualSensorSerialFrameSource port='/dev/cu.usbserial-0001' baud=115200
[14:55:23.808] engine_source: dual serial source opened
[14:55:23.808] connect_thread: generation=1 starting engine
[14:55:23.808] engine_start: starting source and processing thread
[14:55:23.860] status: CONNECTING… -> OPENING SERIAL /dev/cu.usbserial-0001
[14:55:24.814] engine_status: WAITING FOR FRAMES
[14:55:24.814] engine_start: started
[14:55:24.814] engine_status: WAITING FOR FRAMES
[14:55:24.814] connect_thread: generation=1 engine.start returned
[14:55:24.815] engine_wait: dual bytes=2040 reads=2 frames=0 tof1=0 tof2=0 single=0 text=0/1 prox=0 hand=0 bad=0 csum_err=0 drop_bytes=0 serial_err=0 last=text: unrecognized line outside a ToF table: ',478,454,4,478,454,4,478,454,4,478,454,4,478
[14:55:24.827] engine_status: RECEIVING FRAMES
[14:55:24.827] engine_status: RECEIVING FRAMES
[14:55:24.863] status: OPENING SERIAL /dev/cu.usbserial-0001 -> WAITING FOR FRAMES
[14:55:24.863] status: WAITING FOR FRAMES -> RECEIVING FRAMES
[14:55:25.433] engine_gesture: name=swipe_down confidence=0.610 details=dx=+0.37 dy=-1.33 dz=+378mm fdx=+2.40 fdy=+3.38 dt=0.39s speed=3.58cells/s vz=+1138mm/s lin=0.27 q=0.70; reason=exit
[14:55:25.484] gesture: name=swipe_down confidence=0.610
[14:55:26.825] engine_wait: dual bytes=19274 reads=809 frames=53 tof1=53 tof2=0 single=53 text=53/108 prox=54 hand=0 bad=0 csum_err=0 drop_bytes=0 serial_err=0 last=apds: #PROX proximity=1023 hand=True
[14:55:27.155] gesture_macro: active_app='Global' macro='cmd+shift+3'
[14:55:27.326] macro_run: gesture=swipe_down macro='cmd+shift+3' result='screenshot:/Users/pc3/Desktop/GesturePuck-Screenshot-20260513-145527.png'
[14:55:27.372] recalibrate_click: engine_present=True
[14:55:27.372] engine_status: RECALIBRATED
[14:55:27.372] engine_status: RECALIBRATED
[14:55:27.372] engine_recalibrate: state reset; background calibration disabled
[14:55:27.372] status: RECEIVING FRAMES -> RECALIBRATED
[14:55:28.834] engine_wait: dual bytes=31824 reads=1633 frames=88 tof1=88 tof2=0 single=88 text=88/178 prox=89 hand=0 bad=0 csum_err=0 drop_bytes=0 serial_err=0 last=apds: #PROX proximity=1023 hand=True
[14:55:30.447] engine_frames: frames_seen=100 protocol=dual-tof
[14:55:30.842] engine_wait: dual bytes=44342 reads=2449 frames=123 tof1=123 tof2=0 single=123 text=123/248 prox=124 hand=0 bad=0 csum_err=0 drop_bytes=0 serial_err=0 last=apds: #PROX proximity=1023 hand=True
[14:55:31.803] connect_watchdog: generation=1 frames_seen=123 status='RECALIBRATED' dual bytes=50264 reads=2834 frames=140 tof1=140 tof2=0 single=140 text=140/282 prox=141 hand=0 bad=0 csum_err=0 drop_bytes=0 serial_err=0 last=apds: #PROX proximity=1023 hand=True
[14:55:32.844] engine_wait: dual bytes=56798 reads=3260 frames=159 tof1=159 tof2=0 single=159 text=159/320 prox=160 hand=0 bad=0 csum_err=0 drop_bytes=0 serial_err=0 last=apds: #PROX proximity=1023 hand=True
[14:55:33.838] recalibrate_click: engine_present=True
[14:55:33.838] engine_status: RECALIBRATED
[14:55:33.838] engine_status: RECALIBRATED
[14:55:33.838] engine_recalibrate: state reset; background calibration disabled
[14:55:34.847] engine_wait: dual bytes=69188 reads=4073 frames=194 tof1=194 tof2=0 single=194 text=194/390 prox=195 hand=0 bad=0 csum_err=0 drop_bytes=0 serial_err=0 last=apds: #PROX proximity=1023 hand=True
[14:55:36.151] engine_frames: frames_seen=200 protocol=dual-tof
[14:55:36.853] engine_wait: dual bytes=81495 reads=4873 frames=229 tof1=229 tof2=0 single=229 text=229/460 prox=230 hand=0 bad=0 csum_err=0 drop_bytes=0 serial_err=0 last=apds: #PROX proximity=1023 hand=True
[14:55:38.856] engine_wait: dual bytes=94013 reads=5692 frames=264 tof1=264 tof2=0 single=264 text=264/530 prox=265 hand=0 bad=0 csum_err=0 drop_bytes=0 serial_err=0 last=apds: #PROX proximity=1023 hand=True
[14:55:40.804] engine_gesture: name=swipe_up confidence=0.910 details=dx=-1.20 dy=-4.64 dz=-138mm fdx=-0.43 fdy=-6.10 dt=0.40s speed=11.93cells/s vz=-434mm/s lin=0.86 q=0.90; reason=exit
[14:55:40.862] engine_wait: dual bytes=106501 reads=6507 frames=300 tof1=300 tof2=0 single=300 text=300/602 prox=301 hand=0 bad=0 csum_err=0 drop_bytes=0 serial_err=0 last=apds: #PROX proximity=1023 hand=True
[14:55:40.863] gesture: name=swipe_up confidence=0.910
[14:55:41.765] engine_frames: frames_seen=300 protocol=dual-tof
[14:55:42.539] gesture_macro: active_app='Global' macro='cmd+shift+3'
[14:55:42.687] macro_run: gesture=swipe_up macro='cmd+shift+3' result='screenshot:/Users/pc3/Desktop/GesturePuck-Screenshot-20260513-145542.png'
[14:55:42.873] engine_wait: dual bytes=119953 reads=7402 frames=338 tof1=338 tof2=0 single=338 text=338/678 prox=339 hand=0 bad=0 csum_err=0 drop_bytes=0 serial_err=0 last=apds: #PROX proximity=1023 hand=True
[14:55:44.885] engine_wait: dual bytes=133791 reads=8333 frames=377 tof1=377 tof2=0 single=377 text=377/756 prox=378 hand=0 bad=0 csum_err=0 drop_bytes=0 serial_err=0 last=apds: #PROX proximity=1023 hand=True
[14:55:46.893] engine_wait: dual bytes=146857 reads=9200 frames=414 tof1=414 tof2=0 single=414 text=414/830 prox=415 hand=0 bad=0 csum_err=0 drop_bytes=0 serial_err=0 last=apds: #PROX proximity=1023 hand=True
[14:55:47.053] engine_frames: frames_seen=400 protocol=dual-tof
[14:55:48.903] engine_wait: dual bytes=159230 reads=10005 frames=449 tof1=449 tof2=0 single=449 text=449/900 prox=450 hand=0 bad=0 csum_err=0 drop_bytes=0 serial_err=0 last=apds: #PROX proximity=1023 hand=True
[14:55:49.744] engine_gesture: name=swipe_up confidence=1.000 details=dx=+1.09 dy=-2.94 dz=-175mm fdx=+0.49 fdy=-1.03 dt=0.17s speed=18.06cells/s vz=-1028mm/s lin=1.00 q=0.83; reason=exit; peak_hold
[14:55:49.772] gesture: name=swipe_up confidence=1.000
[14:55:50.903] engine_wait: dual bytes=171585 reads=10805 frames=484 tof1=484 tof2=0 single=484 text=484/970 prox=485 hand=0 bad=0 csum_err=0 drop_bytes=0 serial_err=0 last=apds: #PROX proximity=1023 hand=True
[14:55:51.447] gesture_macro: active_app='Global' macro='cmd+shift+3'
[14:55:51.595] macro_run: gesture=swipe_up macro='cmd+shift+3' result='screenshot:/Users/pc3/Desktop/GesturePuck-Screenshot-20260513-145551.png'
[14:55:52.760] engine_frames: frames_seen=500 protocol=dual-tof
[14:55:52.909] engine_wait: dual bytes=184080 reads=11624 frames=519 tof1=519 tof2=0 single=519 text=519/1040 prox=520 hand=0 bad=0 csum_err=0 drop_bytes=0 serial_err=0 last=apds: #PROX proximity=1023 hand=True
[14:55:53.216] engine_gesture: name=swipe_up confidence=1.000 details=dx=+0.33 dy=-1.80 dz=+355mm fdx=-0.03 fdy=-2.74 dt=0.17s speed=10.62cells/s vz=+1921mm/s lin=1.00 q=0.83; reason=exit
[14:55:53.250] gesture: name=swipe_up confidence=1.000
[14:55:54.916] engine_wait: dual bytes=196597 reads=12438 frames=554 tof1=554 tof2=0 single=554 text=554/1110 prox=555 hand=0 bad=0 csum_err=0 drop_bytes=0 serial_err=0 last=apds: #PROX proximity=1023 hand=True
[14:55:54.932] gesture_macro: active_app='Global' macro='cmd+shift+3'
[14:55:55.080] macro_run: gesture=swipe_up macro='cmd+shift+3' result='screenshot:/Users/pc3/Desktop/GesturePuck-Screenshot-20260513-145554.png'
[14:55:56.920] engine_wait: dual bytes=209021 reads=13253 frames=590 tof1=590 tof2=0 single=590 text=590/1182 prox=591 hand=0 bad=0 csum_err=0 drop_bytes=0 serial_err=0 last=apds: #PROX proximity=1023 hand=True
[14:55:58.459] engine_frames: frames_seen=600 protocol=dual-tof
[14:55:58.927] engine_wait: dual bytes=221408 reads=14058 frames=625 tof1=625 tof2=0 single=625 text=625/1252 prox=626 hand=0 bad=0 csum_err=0 drop_bytes=0 serial_err=0 last=apds: #PROX proximity=1023 hand=True
[14:56:00.934] engine_wait: dual bytes=233830 reads=14868 frames=660 tof1=660 tof2=0 single=660 text=660/1322 prox=661 hand=0 bad=0 csum_err=0 drop_bytes=0 serial_err=0 last=apds: #PROX proximity=1023 hand=True
[14:56:01.495] app_close: closing GesturePuck UI
[14:56:01.495] engine_stop: stopping
[14:56:01.505] engine_stop: stopped
