[14:44:10.639] log_open: /Users/pc3/Documents/PlatformIO/Projects/gesturepuck/GesturePuck/App/logs/tkinter_ui_20260513_144410.log
[14:44:10.639] startup: args={'port': '/dev/cu.usbserial-0001', 'baud': 115200, 'auto_connect': True, 'demo': False, 'serial_debug': True, 'serial_debug_bytes': False, 'ui_log': 'auto', 'serial_debug_log': 'auto'}
[14:44:10.698] permissions_check: checking macOS Accessibility
[14:44:10.823] permissions_check: returncode=0 stderr=''
[14:44:10.823] app_init: default_port='/dev/cu.usbserial-0001' auto_connect=True demo=False baud=115200
[14:44:10.824] recorder_listener: starting pynput keyboard listener
[14:44:10.824] recorder_listener: started running=True
[14:44:10.831] nav: show_page=Global
[14:44:10.831] render: page=Global mappings=1
[14:44:11.006] connect_click: port='/dev/cu.usbserial-0001'
[14:44:11.006] connect: generation=1 demo=False port='/dev/cu.usbserial-0001' baud=115200 serial_debug=True serial_debug_log='auto'
[14:44:11.006] status: NOT CONNECTED -> CONNECTING…
[14:44:11.006] connect_thread: generation=1 constructing GestureEngine
[14:44:11.006] engine_init: demo=False dual=True port='/dev/cu.usbserial-0001' baud=115200 calibration_frames=0
[14:44:11.007] engine_status: OPENING SERIAL /dev/cu.usbserial-0001
[14:44:11.007] engine_status: OPENING SERIAL /dev/cu.usbserial-0001
[14:44:11.007] engine_source: opening DualSensorSerialFrameSource port='/dev/cu.usbserial-0001' baud=115200
[14:44:11.012] engine_source: dual serial source opened
[14:44:11.013] connect_thread: generation=1 starting engine
[14:44:11.013] engine_start: starting source and processing thread
[14:44:11.062] status: CONNECTING… -> OPENING SERIAL /dev/cu.usbserial-0001
[14:44:12.018] engine_status: WAITING FOR FRAMES
[14:44:12.018] engine_start: started
[14:44:12.018] engine_status: WAITING FOR FRAMES
[14:44:12.019] connect_thread: generation=1 engine.start returned
[14:44:12.019] engine_wait: dual bytes=1020 reads=1 frames=0 tof1=0 tof2=0 single=0 text=0/2 prox=0 hand=0 bad=0 csum_err=0 drop_bytes=0 serial_err=0 last=text: unrecognized line outside a ToF table: 'F #1'
[14:44:12.066] status: OPENING SERIAL /dev/cu.usbserial-0001 -> WAITING FOR FRAMES
[14:44:13.048] engine_status: RECEIVING FRAMES
[14:44:13.048] engine_status: RECEIVING FRAMES
[14:44:13.073] status: WAITING FOR FRAMES -> RECEIVING FRAMES
[14:44:14.026] engine_wait: dual bytes=91738 reads=21553 frames=18 tof1=18 tof2=0 single=18 text=18/14063 prox=19 hand=0 bad=0 csum_err=0 drop_bytes=0 serial_err=0 last=apds: #PROX proximity=1023 hand=True
[14:44:16.030] engine_wait: dual bytes=103920 reads=22321 frames=53 tof1=53 tof2=0 single=53 text=53/14133 prox=54 hand=0 bad=0 csum_err=0 drop_bytes=0 serial_err=0 last=apds: #PROX proximity=1023 hand=True
[14:44:16.873] engine_gesture: name=swipe_down confidence=1.000
[14:44:16.920] gesture: name=swipe_down confidence=1.000
[14:44:18.032] engine_wait: dual bytes=116138 reads=23091 frames=88 tof1=88 tof2=0 single=88 text=88/14203 prox=89 hand=0 bad=0 csum_err=0 drop_bytes=0 serial_err=0 last=apds: #PROX proximity=1023 hand=True
[14:44:18.597] gesture_macro: active_app='Global' macro=None
[14:44:18.693] engine_frames: frames_seen=100 protocol=dual-tof
[14:44:19.011] connect_watchdog: generation=1 frames_seen=105 status='RECEIVING FRAMES' dual bytes=122189 reads=23471 frames=105 tof1=105 tof2=0 single=105 text=105/14237 prox=106 hand=0 bad=0 csum_err=0 drop_bytes=0 serial_err=0 last=apds: #PROX proximity=1023 hand=True
[14:44:20.035] engine_wait: dual bytes=128475 reads=23865 frames=123 tof1=123 tof2=0 single=123 text=123/14273 prox=124 hand=0 bad=0 csum_err=0 drop_bytes=0 serial_err=0 last=apds: #PROX proximity=1023 hand=True
[14:44:20.129] recalibrate_click: engine_present=True
[14:44:20.129] engine_status: RECALIBRATED
[14:44:20.129] engine_status: RECALIBRATED
[14:44:20.129] engine_recalibrate: state reset; background calibration disabled
[14:44:20.129] status: RECEIVING FRAMES -> RECALIBRATED
[14:44:22.047] engine_wait: dual bytes=140952 reads=24647 frames=158 tof1=158 tof2=0 single=158 text=158/14343 prox=159 hand=0 bad=0 csum_err=0 drop_bytes=0 serial_err=0 last=apds: #PROX proximity=1023 hand=True
[14:44:24.053] engine_wait: dual bytes=153332 reads=25425 frames=194 tof1=194 tof2=0 single=194 text=194/14415 prox=195 hand=0 bad=0 csum_err=0 drop_bytes=0 serial_err=0 last=apds: #PROX proximity=1023 hand=True
[14:44:24.380] engine_frames: frames_seen=200 protocol=dual-tof
[14:44:26.060] engine_wait: dual bytes=166288 reads=26259 frames=230 tof1=230 tof2=0 single=230 text=230/14487 prox=231 hand=0 bad=0 csum_err=0 drop_bytes=0 serial_err=0 last=apds: #PROX proximity=1023 hand=True
[14:44:28.068] engine_wait: dual bytes=179689 reads=27145 frames=269 tof1=269 tof2=0 single=269 text=269/14565 prox=270 hand=0 bad=0 csum_err=0 drop_bytes=0 serial_err=0 last=apds: #PROX proximity=1023 hand=True
[14:44:29.483] engine_gesture: name=swipe_down confidence=1.000
[14:44:29.537] gesture: name=swipe_down confidence=1.000
[14:44:29.680] engine_frames: frames_seen=300 protocol=dual-tof
[14:44:30.076] engine_wait: dual bytes=192887 reads=28023 frames=307 tof1=307 tof2=0 single=307 text=307/14641 prox=308 hand=0 bad=0 csum_err=0 drop_bytes=0 serial_err=0 last=apds: #PROX proximity=1023 hand=True
[14:44:31.204] gesture_macro: active_app='Global' macro=None
[14:44:32.079] engine_wait: dual bytes=205204 reads=28795 frames=342 tof1=342 tof2=0 single=342 text=342/14711 prox=343 hand=0 bad=0 csum_err=0 drop_bytes=0 serial_err=0 last=apds: #PROX proximity=1023 hand=True
[14:44:34.085] engine_wait: dual bytes=217558 reads=29571 frames=377 tof1=377 tof2=0 single=377 text=377/14781 prox=378 hand=0 bad=0 csum_err=0 drop_bytes=0 serial_err=0 last=apds: #PROX proximity=1023 hand=True
[14:44:35.344] engine_frames: frames_seen=400 protocol=dual-tof
[14:44:36.090] engine_wait: dual bytes=229874 reads=30343 frames=413 tof1=413 tof2=0 single=413 text=413/14853 prox=414 hand=0 bad=0 csum_err=0 drop_bytes=0 serial_err=0 last=apds: #PROX proximity=1023 hand=True
[14:44:38.098] engine_wait: dual bytes=242158 reads=31113 frames=448 tof1=448 tof2=0 single=448 text=448/14923 prox=449 hand=0 bad=0 csum_err=0 drop_bytes=0 serial_err=0 last=apds: #PROX proximity=1023 hand=True
[14:44:39.856] engine_gesture: name=swipe_down confidence=1.000
[14:44:39.859] gesture: name=swipe_down confidence=1.000
[14:44:40.106] engine_wait: dual bytes=254317 reads=31881 frames=483 tof1=483 tof2=0 single=483 text=483/14993 prox=484 hand=0 bad=0 csum_err=0 drop_bytes=0 serial_err=0 last=apds: #PROX proximity=1023 hand=True
[14:44:41.047] engine_frames: frames_seen=500 protocol=dual-tof
[14:44:41.218] engine_gesture: name=swipe_down confidence=0.886
[14:44:41.528] gesture_macro: active_app='Global' macro=None
[14:44:41.528] gesture: name=swipe_down confidence=0.886
[14:44:42.111] engine_wait: dual bytes=266543 reads=32649 frames=518 tof1=518 tof2=0 single=518 text=518/15063 prox=519 hand=0 bad=0 csum_err=0 drop_bytes=0 serial_err=0 last=apds: #PROX proximity=1023 hand=True
[14:44:43.197] gesture_macro: active_app='Global' macro=None
[14:44:44.114] engine_wait: dual bytes=278796 reads=33423 frames=553 tof1=553 tof2=0 single=553 text=553/15133 prox=554 hand=0 bad=0 csum_err=0 drop_bytes=0 serial_err=0 last=apds: #PROX proximity=1023 hand=True
[14:44:44.805] engine_gesture: name=swipe_down confidence=0.931
[14:44:44.833] gesture: name=swipe_down confidence=0.931
[14:44:46.065] engine_gesture: name=swipe_down confidence=1.000
[14:44:46.123] engine_wait: dual bytes=290908 reads=34187 frames=589 tof1=589 tof2=0 single=589 text=589/15205 prox=590 hand=0 bad=0 csum_err=0 drop_bytes=0 serial_err=0 last=apds: #PROX proximity=1023 hand=True
[14:44:46.512] gesture_macro: active_app='Global' macro=None
[14:44:46.512] gesture: name=swipe_down confidence=1.000
[14:44:46.748] engine_frames: frames_seen=600 protocol=dual-tof
[14:44:48.131] engine_wait: dual bytes=303193 reads=34957 frames=624 tof1=624 tof2=0 single=624 text=624/15275 prox=625 hand=0 bad=0 csum_err=0 drop_bytes=0 serial_err=0 last=apds: #PROX proximity=1023 hand=True
[14:44:48.186] gesture_macro: active_app='Global' macro=None
[14:44:50.135] engine_wait: dual bytes=315542 reads=35731 frames=659 tof1=659 tof2=0 single=659 text=659/15345 prox=660 hand=0 bad=0 csum_err=0 drop_bytes=0 serial_err=0 last=apds: #PROX proximity=1023 hand=True
[14:44:51.196] record_start: gesture=swipe_up page=Global
[14:44:51.196] recorder_cancel: global recorder cancelled
[14:44:51.196] recorder_arm: token=1 running=True
[14:44:52.034] record_local_key_press: token=1 key=up chord=up
[14:44:52.077] record_local_result: token=1 chord=up
[14:44:52.077] recorder_cancel: global recorder cancelled
[14:44:52.077] record_result_applied: token=1 gesture=swipe_up chord='up' source=tk
[14:44:52.147] engine_wait: dual bytes=328112 reads=36523 frames=695 tof1=695 tof2=0 single=695 text=695/15417 prox=696 hand=0 bad=0 csum_err=0 drop_bytes=0 serial_err=0 last=apds: #PROX proximity=1023 hand=True
[14:44:52.420] engine_frames: frames_seen=700 protocol=dual-tof
[14:44:53.360] record_start: gesture=swipe_down page=Global
[14:44:53.360] recorder_cancel: global recorder cancelled
[14:44:53.360] recorder_arm: token=2 running=True
[14:44:54.152] engine_wait: dual bytes=341099 reads=37361 frames=732 tof1=732 tof2=0 single=732 text=732/15491 prox=733 hand=0 bad=0 csum_err=0 drop_bytes=0 serial_err=0 last=apds: #PROX proximity=1023 hand=True
[14:44:54.613] record_start: gesture=swipe_up page=Global
[14:44:54.614] record_cancel_pending: token=2 gesture=swipe_down
[14:44:54.614] recorder_cancel: global recorder cancelled
[14:44:54.614] recorder_arm: token=3 running=True
[14:44:54.979] record_local_key_press: token=3 key=right chord=right
[14:44:55.127] record_local_result: token=3 chord=right
[14:44:55.127] recorder_cancel: global recorder cancelled
[14:44:55.127] record_result_applied: token=3 gesture=swipe_up chord='right' source=tk
[14:44:56.025] record_start: gesture=swipe_down page=Global
[14:44:56.025] recorder_cancel: global recorder cancelled
[14:44:56.026] recorder_arm: token=4 running=True
[14:44:56.156] engine_wait: dual bytes=354533 reads=38251 frames=770 tof1=770 tof2=0 single=770 text=770/15567 prox=771 hand=0 bad=0 csum_err=0 drop_bytes=0 serial_err=0 last=apds: #PROX proximity=1023 hand=True
[14:44:56.628] record_local_key_press: token=4 key=right chord=right
[14:44:56.778] record_local_result: token=4 chord=right
[14:44:56.778] recorder_cancel: global recorder cancelled
[14:44:56.778] record_result_applied: token=4 gesture=swipe_down chord='right' source=tk
[14:44:57.693] engine_frames: frames_seen=800 protocol=dual-tof
[14:44:57.857] record_start: gesture=swipe_right page=Global
[14:44:57.857] recorder_cancel: global recorder cancelled
[14:44:57.857] recorder_arm: token=5 running=True
[14:44:58.157] engine_wait: dual bytes=368063 reads=39155 frames=808 tof1=808 tof2=0 single=808 text=808/15643 prox=809 hand=0 bad=0 csum_err=0 drop_bytes=0 serial_err=0 last=apds: #PROX proximity=1023 hand=True
[14:44:58.236] record_local_key_press: token=5 key=right chord=right
[14:44:58.364] record_local_result: token=5 chord=right
[14:44:58.364] recorder_cancel: global recorder cancelled
[14:44:58.364] record_result_applied: token=5 gesture=swipe_right chord='right' source=tk
[14:44:59.387] record_start: gesture=swipe_left page=Global
[14:44:59.387] recorder_cancel: global recorder cancelled
[14:44:59.387] recorder_arm: token=6 running=True
[14:45:00.161] engine_wait: dual bytes=380411 reads=39929 frames=844 tof1=844 tof2=0 single=844 text=844/15715 prox=845 hand=0 bad=0 csum_err=0 drop_bytes=0 serial_err=0 last=apds: #PROX proximity=1023 hand=True
[14:45:00.381] record_local_key_press: token=6 key=right chord=right
[14:45:00.507] record_local_result: token=6 chord=right
[14:45:00.508] recorder_cancel: global recorder cancelled
[14:45:00.508] record_result_applied: token=6 gesture=swipe_left chord='right' source=tk
[14:45:01.610] mapping_save: page=Global gesture=swipe_left label='swipe_left' macro='right'
[14:45:02.169] engine_wait: dual bytes=392696 reads=40699 frames=879 tof1=879 tof2=0 single=879 text=879/15785 prox=880 hand=0 bad=0 csum_err=0 drop_bytes=0 serial_err=0 last=apds: #PROX proximity=1023 hand=True
[14:45:02.202] mapping_save: page=Global gesture=swipe_right label='swipe_right' macro='right'
[14:45:02.882] mapping_save: page=Global gesture=swipe_up label='swipe_up' macro='right'
[14:45:03.359] engine_frames: frames_seen=900 protocol=dual-tof
[14:45:03.753] mapping_save: page=Global gesture=swipe_down label='swipe_down' macro='right'
[14:45:04.177] engine_wait: dual bytes=405013 reads=41471 frames=914 tof1=914 tof2=0 single=914 text=914/15855 prox=915 hand=0 bad=0 csum_err=0 drop_bytes=0 serial_err=0 last=apds: #PROX proximity=1023 hand=True
[14:45:06.181] engine_wait: dual bytes=417394 reads=42247 frames=949 tof1=949 tof2=0 single=949 text=949/15925 prox=950 hand=0 bad=0 csum_err=0 drop_bytes=0 serial_err=0 last=apds: #PROX proximity=1023 hand=True
[14:45:08.187] engine_wait: dual bytes=429807 reads=43025 frames=984 tof1=984 tof2=0 single=984 text=984/15995 prox=985 hand=0 bad=0 csum_err=0 drop_bytes=0 serial_err=0 last=apds: #PROX proximity=1023 hand=True
[14:45:09.051] engine_frames: frames_seen=1000 protocol=dual-tof
[14:45:10.195] engine_wait: dual bytes=442207 reads=43801 frames=1020 tof1=1020 tof2=0 single=1020 text=1020/16067 prox=1021 hand=0 bad=0 csum_err=0 drop_bytes=0 serial_err=0 last=apds: #PROX proximity=1023 hand=True
[14:45:12.204] engine_wait: dual bytes=454526 reads=44571 frames=1055 tof1=1055 tof2=0 single=1055 text=1055/16137 prox=1056 hand=0 bad=0 csum_err=0 drop_bytes=0 serial_err=0 last=apds: #PROX proximity=1023 hand=True
[14:45:14.213] engine_wait: dual bytes=466910 reads=45343 frames=1090 tof1=1090 tof2=0 single=1090 text=1090/16207 prox=1091 hand=0 bad=0 csum_err=0 drop_bytes=0 serial_err=0 last=apds: #PROX proximity=1023 hand=True
[14:45:14.758] engine_frames: frames_seen=1100 protocol=dual-tof
[14:45:16.218] engine_wait: dual bytes=479358 reads=46121 frames=1125 tof1=1125 tof2=0 single=1125 text=1125/16277 prox=1126 hand=0 bad=0 csum_err=0 drop_bytes=0 serial_err=0 last=apds: #PROX proximity=1023 hand=True
[14:45:17.590] engine_gesture: name=swipe_down confidence=0.591
[14:45:17.612] gesture: name=swipe_down confidence=0.591
[14:45:18.225] engine_wait: dual bytes=491527 reads=46883 frames=1161 tof1=1161 tof2=0 single=1161 text=1161/16349 prox=1162 hand=0 bad=0 csum_err=0 drop_bytes=0 serial_err=0 last=apds: #PROX proximity=1023 hand=True
[14:45:19.573] gesture_macro: active_app='Global' macro='right'
[14:45:20.229] engine_wait: dual bytes=503975 reads=47665 frames=1196 tof1=1196 tof2=0 single=1196 text=1196/16419 prox=1197 hand=0 bad=0 csum_err=0 drop_bytes=0 serial_err=0 last=apds: #PROX proximity=1023 hand=True
[14:45:20.421] engine_frames: frames_seen=1200 protocol=dual-tof
[14:45:21.774] engine_gesture: name=swipe_down confidence=1.000
[14:45:21.810] gesture: name=swipe_down confidence=1.000
[14:45:21.954] gesture_macro: active_app='Global' macro='right'
[14:45:22.231] engine_wait: dual bytes=516901 reads=48493 frames=1233 tof1=1233 tof2=0 single=1233 text=1233/16493 prox=1234 hand=0 bad=0 csum_err=0 drop_bytes=0 serial_err=0 last=apds: #PROX proximity=1023 hand=True
[14:45:24.232] engine_wait: dual bytes=530077 reads=49366 frames=1272 tof1=1272 tof2=0 single=1272 text=1272/16570 prox=1272 hand=0 bad=0 csum_err=0 drop_bytes=0 serial_err=0 last=emit: single-sensor dual packet #1272 primary=ToF#1 seq=1271 proximity=1023 hand=True
[14:45:24.967] engine_gesture: name=swipe_down confidence=0.509
[14:45:24.981] gesture: name=swipe_down confidence=0.509
[14:45:25.116] gesture_macro: active_app='Global' macro='right'
[14:45:25.665] engine_frames: frames_seen=1300 protocol=dual-tof
[14:45:26.072] engine_gesture: name=swipe_down confidence=1.000
[14:45:26.122] gesture: name=swipe_down confidence=1.000
[14:45:26.237] engine_wait: dual bytes=543541 reads=50276 frames=1311 tof1=1311 tof2=0 single=1311 text=1311/16649 prox=1312 hand=0 bad=0 csum_err=0 drop_bytes=0 serial_err=0 last=apds: #PROX proximity=1023 hand=True
[14:45:26.253] gesture_macro: active_app='Global' macro='right'
[14:45:27.748] engine_gesture: name=swipe_down confidence=1.000
[14:45:27.757] gesture: name=swipe_down confidence=1.000
[14:45:27.895] gesture_macro: active_app='Global' macro='right'
[14:45:28.244] engine_wait: dual bytes=555891 reads=51058 frames=1346 tof1=1346 tof2=0 single=1346 text=1346/16719 prox=1347 hand=0 bad=0 csum_err=0 drop_bytes=0 serial_err=0 last=apds: #PROX proximity=1023 hand=True
[14:45:28.913] engine_gesture: name=swipe_down confidence=1.000
[14:45:28.963] gesture: name=swipe_down confidence=1.000
[14:45:29.096] gesture_macro: active_app='Global' macro='right'
[14:45:29.872] engine_gesture: name=swipe_down confidence=1.000
[14:45:29.914] gesture: name=swipe_down confidence=1.000
[14:45:30.050] gesture_macro: active_app='Global' macro='right'
[14:45:30.249] engine_wait: dual bytes=567761 reads=51814 frames=1383 tof1=1383 tof2=0 single=1383 text=1383/16793 prox=1384 hand=0 bad=0 csum_err=0 drop_bytes=0 serial_err=0 last=apds: #PROX proximity=1023 hand=True
[14:45:31.205] engine_frames: frames_seen=1400 protocol=dual-tof
[14:45:31.607] engine_gesture: name=swipe_down confidence=1.000
[14:45:31.627] gesture: name=swipe_down confidence=1.000
[14:45:31.765] gesture_macro: active_app='Global' macro='right'
[14:45:32.255] engine_wait: dual bytes=579706 reads=52567 frames=1418 tof1=1418 tof2=0 single=1418 text=1418/16863 prox=1419 hand=0 bad=0 csum_err=0 drop_bytes=0 serial_err=0 last=apds: #PROX proximity=1023 hand=True
[14:45:33.301] engine_gesture: name=swipe_down confidence=1.000
[14:45:33.344] gesture: name=swipe_down confidence=1.000
[14:45:33.479] gesture_macro: active_app='Global' macro='right'
[14:45:34.260] engine_wait: dual bytes=591963 reads=53341 frames=1453 tof1=1453 tof2=0 single=1453 text=1453/16933 prox=1454 hand=0 bad=0 csum_err=0 drop_bytes=0 serial_err=0 last=apds: #PROX proximity=1023 hand=True
[14:45:36.265] engine_wait: dual bytes=604308 reads=54113 frames=1489 tof1=1489 tof2=0 single=1489 text=1489/17005 prox=1490 hand=0 bad=0 csum_err=0 drop_bytes=0 serial_err=0 last=apds: #PROX proximity=1023 hand=True
[14:45:36.892] engine_frames: frames_seen=1500 protocol=dual-tof
[14:45:38.276] engine_wait: dual bytes=616623 reads=54883 frames=1524 tof1=1524 tof2=0 single=1524 text=1524/17075 prox=1525 hand=0 bad=0 csum_err=0 drop_bytes=0 serial_err=0 last=apds: #PROX proximity=1023 hand=True
[14:45:40.276] engine_wait: dual bytes=628973 reads=55655 frames=1559 tof1=1559 tof2=0 single=1559 text=1559/17145 prox=1560 hand=0 bad=0 csum_err=0 drop_bytes=0 serial_err=0 last=apds: #PROX proximity=1023 hand=True
[14:45:42.277] engine_wait: dual bytes=641357 reads=56429 frames=1594 tof1=1594 tof2=0 single=1594 text=1594/17215 prox=1595 hand=0 bad=0 csum_err=0 drop_bytes=0 serial_err=0 last=apds: #PROX proximity=1023 hand=True
[14:45:42.583] engine_frames: frames_seen=1600 protocol=dual-tof
[14:45:44.280] engine_wait: dual bytes=653799 reads=57231 frames=1629 tof1=1629 tof2=0 single=1629 text=1629/17285 prox=1630 hand=0 bad=0 csum_err=0 drop_bytes=0 serial_err=0 last=apds: #PROX proximity=1023 hand=True
[14:45:45.728] engine_gesture: name=swipe_down confidence=1.000
[14:45:45.787] gesture: name=swipe_down confidence=1.000
[14:45:45.962] gesture_macro: active_app='Global' macro='right'
[14:45:46.291] engine_wait: dual bytes=666215 reads=58035 frames=1665 tof1=1665 tof2=0 single=1665 text=1665/17357 prox=1666 hand=0 bad=0 csum_err=0 drop_bytes=0 serial_err=0 last=apds: #PROX proximity=1023 hand=True
[14:45:48.294] engine_frames: frames_seen=1700 protocol=dual-tof
[14:45:48.295] engine_wait: dual bytes=678560 reads=58830 frames=1700 tof1=1700 tof2=0 single=1700 text=1700/17427 prox=1701 hand=0 bad=0 csum_err=0 drop_bytes=0 serial_err=0 last=apds: #PROX proximity=1023 hand=True
[14:45:50.302] engine_wait: dual bytes=691554 reads=59672 frames=1736 tof1=1736 tof2=0 single=1736 text=1736/17499 prox=1737 hand=0 bad=0 csum_err=0 drop_bytes=0 serial_err=0 last=apds: #PROX proximity=1023 hand=True
[14:45:52.313] engine_wait: dual bytes=704833 reads=60562 frames=1775 tof1=1775 tof2=0 single=1775 text=1775/17577 prox=1776 hand=0 bad=0 csum_err=0 drop_bytes=0 serial_err=0 last=emit: single-sensor dual packet #1775 primary=ToF#1 seq=1775 proximity=1023 hand=True
[14:45:53.210] engine_gesture: name=swipe_down confidence=1.000
[14:45:53.235] gesture: name=swipe_down confidence=1.000
[14:45:53.433] gesture_macro: active_app='Global' macro='right'
[14:45:53.605] engine_frames: frames_seen=1800 protocol=dual-tof
[14:45:54.323] engine_wait: dual bytes=716821 reads=61382 frames=1813 tof1=1813 tof2=0 single=1813 text=1813/17654 prox=1815 hand=0 bad=0 csum_err=0 drop_bytes=0 serial_err=0 last=apds: #PROX proximity=1023 hand=True
[14:45:56.326] engine_wait: dual bytes=727752 reads=62105 frames=1849 tof1=1849 tof2=0 single=1849 text=1849/17726 prox=1851 hand=0 bad=0 csum_err=0 drop_bytes=0 serial_err=0 last=apds: #PROX proximity=1023 hand=True
[14:45:58.332] engine_wait: dual bytes=738652 reads=62807 frames=1884 tof1=1884 tof2=0 single=1884 text=1884/17796 prox=1886 hand=0 bad=0 csum_err=0 drop_bytes=0 serial_err=0 last=apds: #PROX proximity=1023 hand=True
[14:45:59.218] engine_frames: frames_seen=1900 protocol=dual-tof
[14:46:00.335] engine_wait: dual bytes=749591 reads=63513 frames=1919 tof1=1919 tof2=0 single=1919 text=1919/17866 prox=1921 hand=0 bad=0 csum_err=0 drop_bytes=0 serial_err=0 last=apds: #PROX proximity=1023 hand=True
[14:46:02.337] engine_wait: dual bytes=760495 reads=64219 frames=1954 tof1=1954 tof2=0 single=1954 text=1954/17936 prox=1956 hand=0 bad=0 csum_err=0 drop_bytes=0 serial_err=0 last=apds: #PROX proximity=1023 hand=True
[14:46:04.348] engine_wait: dual bytes=771376 reads=64925 frames=1990 tof1=1990 tof2=0 single=1990 text=1990/18008 prox=1992 hand=0 bad=0 csum_err=0 drop_bytes=0 serial_err=0 last=apds: #PROX proximity=1023 hand=True
[14:46:04.919] engine_frames: frames_seen=2000 protocol=dual-tof
[14:46:06.354] engine_wait: dual bytes=782146 reads=65625 frames=2025 tof1=2025 tof2=0 single=2025 text=2025/18078 prox=2027 hand=0 bad=0 csum_err=0 drop_bytes=0 serial_err=0 last=apds: #PROX proximity=1023 hand=True
[14:46:08.363] engine_wait: dual bytes=792967 reads=66327 frames=2060 tof1=2060 tof2=0 single=2060 text=2060/18148 prox=2062 hand=0 bad=0 csum_err=0 drop_bytes=0 serial_err=0 last=apds: #PROX proximity=1023 hand=True
[14:46:10.370] engine_wait: dual bytes=803898 reads=67035 frames=2095 tof1=2095 tof2=0 single=2095 text=2095/18218 prox=2097 hand=0 bad=0 csum_err=0 drop_bytes=0 serial_err=0 last=apds: #PROX proximity=1023 hand=True
[14:46:10.613] engine_frames: frames_seen=2100 protocol=dual-tof
[14:46:12.376] engine_wait: dual bytes=814785 reads=67743 frames=2130 tof1=2130 tof2=0 single=2130 text=2130/18288 prox=2132 hand=0 bad=0 csum_err=0 drop_bytes=0 serial_err=0 last=apds: #PROX proximity=1023 hand=True
[14:46:14.378] engine_wait: dual bytes=825550 reads=68447 frames=2166 tof1=2166 tof2=0 single=2166 text=2166/18360 prox=2168 hand=0 bad=0 csum_err=0 drop_bytes=0 serial_err=0 last=apds: #PROX proximity=1023 hand=True
[14:46:16.280] engine_frames: frames_seen=2200 protocol=dual-tof
[14:46:16.389] engine_wait: dual bytes=836439 reads=69161 frames=2201 tof1=2201 tof2=0 single=2201 text=2201/18430 prox=2203 hand=0 bad=0 csum_err=0 drop_bytes=0 serial_err=0 last=apds: #PROX proximity=1023 hand=True
[14:46:18.391] engine_wait: dual bytes=847649 reads=69905 frames=2238 tof1=2238 tof2=0 single=2238 text=2238/18504 prox=2240 hand=0 bad=0 csum_err=0 drop_bytes=0 serial_err=0 last=apds: #PROX proximity=1023 hand=True
[14:46:20.402] engine_wait: dual bytes=859637 reads=70739 frames=2277 tof1=2277 tof2=0 single=2277 text=2277/18582 prox=2279 hand=0 bad=0 csum_err=0 drop_bytes=0 serial_err=0 last=apds: #PROX proximity=1023 hand=True
[14:46:21.356] engine_gesture: name=swipe_up confidence=0.914
[14:46:21.373] gesture: name=swipe_up confidence=0.914
[14:46:21.576] gesture_macro: active_app='Visual Studio Code' macro='right'
[14:46:21.639] engine_frames: frames_seen=2300 protocol=dual-tof
[14:46:22.402] engine_wait: dual bytes=872052 reads=71563 frames=2314 tof1=2314 tof2=0 single=2314 text=2314/18655 prox=2315 hand=0 bad=0 csum_err=0 drop_bytes=0 serial_err=0 last=emit: single-sensor dual packet #2314 primary=ToF#1 seq=2314 proximity=1023 hand=True
[14:46:24.408] engine_wait: dual bytes=884402 reads=72364 frames=2349 tof1=2349 tof2=0 single=2349 text=2349/18726 prox=2351 hand=0 bad=0 csum_err=0 drop_bytes=0 serial_err=0 last=apds: #PROX proximity=1023 hand=True
[14:46:25.740] engine_gesture: name=swipe_down confidence=0.610
[14:46:25.743] gesture: name=swipe_down confidence=0.610
[14:46:25.928] gesture_macro: active_app='Visual Studio Code' macro='right'
[14:46:26.418] engine_wait: dual bytes=896640 reads=73150 frames=2385 tof1=2385 tof2=0 single=2385 text=2385/18798 prox=2387 hand=0 bad=0 csum_err=0 drop_bytes=0 serial_err=0 last=apds: #PROX proximity=1023 hand=True
[14:46:26.653] engine_gesture: name=swipe_down confidence=1.000
[14:46:26.683] gesture: name=swipe_down confidence=1.000
[14:46:26.864] gesture_macro: active_app='Visual Studio Code' macro='right'
[14:46:27.282] engine_frames: frames_seen=2400 protocol=dual-tof
[14:46:28.425] engine_wait: dual bytes=908840 reads=73939 frames=2420 tof1=2420 tof2=0 single=2420 text=2420/18868 prox=2422 hand=0 bad=0 csum_err=0 drop_bytes=0 serial_err=0 last=apds: #PROX proximity=1023 hand=True
[14:46:30.425] engine_wait: dual bytes=920799 reads=74716 frames=2455 tof1=2455 tof2=0 single=2455 text=2455/18938 prox=2457 hand=0 bad=0 csum_err=0 drop_bytes=0 serial_err=0 last=apds: #PROX proximity=1023 hand=True
[14:46:30.530] engine_gesture: name=swipe_down confidence=0.582
[14:46:30.580] gesture: name=swipe_down confidence=0.582
[14:46:30.761] gesture_macro: active_app='Visual Studio Code' macro='right'
[14:46:32.007] engine_gesture: name=swipe_left confidence=0.689
[14:46:32.019] gesture: name=swipe_left confidence=0.689
[14:46:32.204] gesture_macro: active_app='Visual Studio Code' macro='right'
[14:46:32.426] engine_wait: dual bytes=932583 reads=75482 frames=2490 tof1=2490 tof2=0 single=2490 text=2490/19008 prox=2492 hand=0 bad=0 csum_err=0 drop_bytes=0 serial_err=0 last=apds: #PROX proximity=1023 hand=True
[14:46:32.976] engine_frames: frames_seen=2500 protocol=dual-tof
[14:46:34.427] engine_wait: dual bytes=944636 reads=76267 frames=2525 tof1=2525 tof2=0 single=2525 text=2525/19078 prox=2527 hand=0 bad=0 csum_err=0 drop_bytes=0 serial_err=0 last=apds: #PROX proximity=1023 hand=True
[14:46:36.436] engine_wait: dual bytes=956950 reads=77059 frames=2561 tof1=2561 tof2=0 single=2561 text=2561/19150 prox=2563 hand=0 bad=0 csum_err=0 drop_bytes=0 serial_err=0 last=apds: #PROX proximity=1023 hand=True
[14:46:38.447] engine_wait: dual bytes=969293 reads=77852 frames=2596 tof1=2596 tof2=0 single=2596 text=2596/19220 prox=2598 hand=0 bad=0 csum_err=0 drop_bytes=0 serial_err=0 last=apds: #PROX proximity=1023 hand=True
[14:46:38.667] engine_frames: frames_seen=2600 protocol=dual-tof
[14:46:40.309] engine_gesture: name=swipe_down confidence=1.000
[14:46:40.366] gesture: name=swipe_down confidence=1.000
[14:46:40.449] engine_wait: dual bytes=981192 reads=78624 frames=2631 tof1=2631 tof2=0 single=2631 text=2631/19290 prox=2633 hand=0 bad=0 csum_err=0 drop_bytes=0 serial_err=0 last=apds: #PROX proximity=1023 hand=True
[14:46:40.551] gesture_macro: active_app='Visual Studio Code' macro='right'
[14:46:41.559] engine_gesture: name=swipe_down confidence=0.780
[14:46:41.559] gesture: name=swipe_down confidence=0.780
[14:46:41.731] gesture_macro: active_app='Visual Studio Code' macro='right'
[14:46:42.459] engine_wait: dual bytes=993527 reads=79429 frames=2666 tof1=2666 tof2=0 single=2666 text=2666/19360 prox=2668 hand=0 bad=0 csum_err=0 drop_bytes=0 serial_err=0 last=apds: #PROX proximity=1023 hand=True
[14:46:44.352] engine_frames: frames_seen=2700 protocol=dual-tof
[14:46:44.466] engine_wait: dual bytes=1006010 reads=80242 frames=2702 tof1=2702 tof2=0 single=2702 text=2702/19432 prox=2704 hand=0 bad=0 csum_err=0 drop_bytes=0 serial_err=0 last=apds: #PROX proximity=1023 hand=True
[14:46:46.475] engine_wait: dual bytes=1018238 reads=81035 frames=2737 tof1=2737 tof2=0 single=2737 text=2737/19502 prox=2739 hand=0 bad=0 csum_err=0 drop_bytes=0 serial_err=0 last=apds: #PROX proximity=1023 hand=True
[14:46:48.487] engine_wait: dual bytes=1031478 reads=81915 frames=2775 tof1=2775 tof2=0 single=2775 text=2775/19577 prox=2776 hand=0 bad=0 csum_err=0 drop_bytes=0 serial_err=0 last=emit: single-sensor dual packet #2775 primary=ToF#1 seq=2775 proximity=1023 hand=True
[14:46:49.740] engine_frames: frames_seen=2800 protocol=dual-tof
[14:46:50.491] engine_wait: dual bytes=1045004 reads=82837 frames=2814 tof1=2814 tof2=0 single=2814 text=2814/19656 prox=2816 hand=0 bad=0 csum_err=0 drop_bytes=0 serial_err=0 last=apds: #PROX proximity=1023 hand=True
[14:46:51.036] engine_gesture: name=swipe_left confidence=0.725
[14:46:51.090] gesture: name=swipe_left confidence=0.725
[14:46:52.495] engine_wait: dual bytes=1057347 reads=83650 frames=2851 tof1=2851 tof2=0 single=2851 text=2851/19730 prox=2853 hand=0 bad=0 csum_err=0 drop_bytes=0 serial_err=0 last=apds: #PROX proximity=1023 hand=True
[14:46:52.619] engine_gesture: name=swipe_down confidence=0.554
[14:46:52.754] gesture_macro: active_app='Global' macro='right'
[14:46:52.755] gesture: name=swipe_down confidence=0.554
[14:46:54.289] engine_gesture: name=swipe_up confidence=1.000
[14:46:54.424] gesture_macro: active_app='Global' macro='right'
[14:46:54.424] gesture: name=swipe_up confidence=1.000
[14:46:54.507] engine_wait: dual bytes=1069608 reads=84447 frames=2886 tof1=2886 tof2=0 single=2886 text=2886/19800 prox=2888 hand=0 bad=0 csum_err=0 drop_bytes=0 serial_err=0 last=apds: #PROX proximity=1023 hand=True
[14:46:55.253] engine_frames: frames_seen=2900 protocol=dual-tof
[14:46:56.095] gesture_macro: active_app='Global' macro='right'
[14:46:56.392] recalibrate_click: engine_present=True
[14:46:56.392] engine_status: RECALIBRATED
[14:46:56.392] engine_status: RECALIBRATED
[14:46:56.392] engine_recalibrate: state reset; background calibration disabled
[14:46:56.519] engine_wait: dual bytes=1082060 reads=85260 frames=2922 tof1=2922 tof2=0 single=2922 text=2922/19872 prox=2924 hand=0 bad=0 csum_err=0 drop_bytes=0 serial_err=0 last=apds: #PROX proximity=1023 hand=True
[14:46:58.531] engine_wait: dual bytes=1094479 reads=86069 frames=2957 tof1=2957 tof2=0 single=2957 text=2957/19942 prox=2959 hand=0 bad=0 csum_err=0 drop_bytes=0 serial_err=0 last=apds: #PROX proximity=1023 hand=True
[14:47:00.541] engine_wait: dual bytes=1106994 reads=86884 frames=2992 tof1=2992 tof2=0 single=2992 text=2992/20012 prox=2994 hand=0 bad=0 csum_err=0 drop_bytes=0 serial_err=0 last=apds: #PROX proximity=1023 hand=True
[14:47:00.956] engine_frames: frames_seen=3000 protocol=dual-tof
[14:47:02.553] engine_wait: dual bytes=1119473 reads=87697 frames=3028 tof1=3028 tof2=0 single=3028 text=3028/20084 prox=3030 hand=0 bad=0 csum_err=0 drop_bytes=0 serial_err=0 last=apds: #PROX proximity=1023 hand=True
[14:47:03.523] engine_gesture: name=swipe_down confidence=1.000
[14:47:03.575] gesture: name=swipe_down confidence=1.000
[14:47:04.561] engine_wait: dual bytes=1131698 reads=88493 frames=3063 tof1=3063 tof2=0 single=3063 text=3063/20154 prox=3065 hand=0 bad=0 csum_err=0 drop_bytes=0 serial_err=0 last=apds: #PROX proximity=1023 hand=True
[14:47:05.241] gesture_macro: active_app='Global' macro='right'
[14:47:06.424] engine_gesture: name=swipe_down confidence=0.826
[14:47:06.438] gesture: name=swipe_down confidence=0.826
[14:47:06.574] engine_wait: dual bytes=1144073 reads=89297 frames=3098 tof1=3098 tof2=0 single=3098 text=3098/20224 prox=3100 hand=0 bad=0 csum_err=0 drop_bytes=0 serial_err=0 last=apds: #PROX proximity=1023 hand=True
[14:47:06.649] engine_frames: frames_seen=3100 protocol=dual-tof
[14:47:08.110] gesture_macro: active_app='Global' macro='right'
[14:47:08.586] engine_wait: dual bytes=1156620 reads=90114 frames=3133 tof1=3133 tof2=0 single=3133 text=3133/20294 prox=3135 hand=0 bad=0 csum_err=0 drop_bytes=0 serial_err=0 last=apds: #PROX proximity=1023 hand=True
[14:47:10.475] engine_gesture: name=swipe_up confidence=1.000
[14:47:10.527] gesture: name=swipe_up confidence=1.000
[14:47:10.591] engine_wait: dual bytes=1168886 reads=90907 frames=3169 tof1=3169 tof2=0 single=3169 text=3169/20366 prox=3171 hand=0 bad=0 csum_err=0 drop_bytes=0 serial_err=0 last=apds: #PROX proximity=1023 hand=True
[14:47:11.958] engine_gesture: name=swipe_up confidence=1.000
[14:47:12.209] gesture_macro: active_app='Global' macro='right'
[14:47:12.210] gesture: name=swipe_up confidence=1.000
[14:47:12.356] engine_frames: frames_seen=3200 protocol=dual-tof
[14:47:12.597] engine_wait: dual bytes=1180941 reads=91671 frames=3204 tof1=3204 tof2=0 single=3204 text=3204/20436 prox=3206 hand=0 bad=0 csum_err=0 drop_bytes=0 serial_err=0 last=apds: #PROX proximity=1023 hand=True
[14:47:13.835] engine_gesture: name=swipe_up confidence=0.835
[14:47:13.878] gesture_macro: active_app='Global' macro='right'
[14:47:13.879] gesture: name=swipe_up confidence=0.835
[14:47:14.606] engine_wait: dual bytes=1192906 reads=92442 frames=3239 tof1=3239 tof2=0 single=3239 text=3239/20506 prox=3241 hand=0 bad=0 csum_err=0 drop_bytes=0 serial_err=0 last=apds: #PROX proximity=1023 hand=True
[14:47:15.545] gesture_macro: active_app='Global' macro='right'
[14:47:15.706] engine_gesture: name=swipe_up confidence=1.000
[14:47:15.743] gesture: name=swipe_up confidence=1.000
[14:47:16.608] engine_wait: dual bytes=1205502 reads=93266 frames=3276 tof1=3276 tof2=0 single=3276 text=3276/20580 prox=3278 hand=0 bad=0 csum_err=0 drop_bytes=0 serial_err=0 last=apds: #PROX proximity=1023 hand=True
[14:47:17.163] engine_gesture: name=swipe_up confidence=0.522
[14:47:17.416] gesture_macro: active_app='Global' macro='right'
[14:47:17.417] gesture: name=swipe_up confidence=0.522
[14:47:17.819] engine_frames: frames_seen=3300 protocol=dual-tof
[14:47:18.615] engine_wait: dual bytes=1219464 reads=94206 frames=3315 tof1=3315 tof2=0 single=3315 text=3315/20658 prox=3317 hand=0 bad=0 csum_err=0 drop_bytes=0 serial_err=0 last=apds: #PROX proximity=1023 hand=True
[14:47:19.092] gesture_macro: active_app='Global' macro='right'
[14:47:20.627] engine_wait: dual bytes=1232429 reads=95066 frames=3352 tof1=3352 tof2=0 single=3352 text=3352/20732 prox=3354 hand=0 bad=0 csum_err=0 drop_bytes=0 serial_err=0 last=apds: #PROX proximity=1023 hand=True
[14:47:21.882] engine_gesture: name=swipe_right confidence=1.000
[14:47:21.934] gesture: name=swipe_right confidence=1.000
[14:47:22.632] engine_wait: dual bytes=1244698 reads=95868 frames=3388 tof1=3388 tof2=0 single=3388 text=3388/20804 prox=3390 hand=0 bad=0 csum_err=0 drop_bytes=0 serial_err=0 last=apds: #PROX proximity=1023 hand=True
[14:47:23.296] engine_frames: frames_seen=3400 protocol=dual-tof
[14:47:23.598] gesture_macro: active_app='Global' macro='right'
[14:47:24.268] engine_gesture: name=swipe_up confidence=0.592
[14:47:24.289] gesture: name=swipe_up confidence=0.592
[14:47:24.641] engine_wait: dual bytes=1256838 reads=96638 frames=3423 tof1=3423 tof2=0 single=3423 text=3423/20874 prox=3425 hand=0 bad=0 csum_err=0 drop_bytes=0 serial_err=0 last=apds: #PROX proximity=1023 hand=True
[14:47:25.172] engine_gesture: name=swipe_down confidence=0.945
[14:47:25.965] gesture_macro: active_app='Global' macro='right'
[14:47:25.965] gesture: name=swipe_down confidence=0.945
[14:47:26.652] engine_wait: dual bytes=1268128 reads=97371 frames=3459 tof1=3459 tof2=0 single=3459 text=3459/20946 prox=3461 hand=0 bad=0 csum_err=0 drop_bytes=0 serial_err=0 last=apds: #PROX proximity=1023 hand=True
[14:47:27.090] engine_gesture: name=swipe_up confidence=0.736
[14:47:27.634] gesture_macro: active_app='Global' macro='right'
[14:47:27.635] gesture: name=swipe_up confidence=0.736
[14:47:28.658] engine_wait: dual bytes=1278888 reads=98075 frames=3494 tof1=3494 tof2=0 single=3494 text=3494/21016 prox=3496 hand=0 bad=0 csum_err=0 drop_bytes=0 serial_err=0 last=apds: #PROX proximity=1023 hand=True
[14:47:28.969] engine_frames: frames_seen=3500 protocol=dual-tof
[14:47:29.305] gesture_macro: active_app='Global' macro='right'
